<?xml version="1.0" encoding="UTF-8"?>
<testsuite name="lista2020.tests.VerifyServicesSetTests" tests="20" skipped="0" failures="0" errors="0" timestamp="2020-04-28T21:56:00" hostname="DESKTOP-2TPN2B7" time="69.174">
  <properties/>
  <testcase name="getHolisticJSON" classname="lista2020.tests.VerifyServicesSetTests" time="5.303"/>
  <testcase name="getConsultansJSON" classname="lista2020.tests.VerifyServicesSetTests" time="2.543"/>
  <testcase name="getCosmeticsJSON" classname="lista2020.tests.VerifyServicesSetTests" time="3.267"/>
  <testcase name="getHairSalonJSON" classname="lista2020.tests.VerifyServicesSetTests" time="2.746"/>
  <testcase name="getInteriorJSON" classname="lista2020.tests.VerifyServicesSetTests" time="2.549"/>
  <testcase name="getInstallersJSON" classname="lista2020.tests.VerifyServicesSetTests" time="2.648"/>
  <testcase name="getMakeupJSON" classname="lista2020.tests.VerifyServicesSetTests" time="3.024"/>
  <testcase name="getNailJSON" classname="lista2020.tests.VerifyServicesSetTests" time="2.633"/>
  <testcase name="getMassageJSON" classname="lista2020.tests.VerifyServicesSetTests" time="2.58"/>
  <testcase name="getMoversJSON" classname="lista2020.tests.VerifyServicesSetTests" time="2.494"/>
  <testcase name="getNutritionistsJSON" classname="lista2020.tests.VerifyServicesSetTests" time="2.943"/>
  <testcase name="getPestJSON" classname="lista2020.tests.VerifyServicesSetTests" time="2.519"/>
  <testcase name="getTeachersJSON" classname="lista2020.tests.VerifyServicesSetTests" time="2.62"/>
  <testcase name="getSalesJSON" classname="lista2020.tests.VerifyServicesSetTests" time="2.607"/>
  <testcase name="getServiceProvidersJSON" classname="lista2020.tests.VerifyServicesSetTests" time="2.927"/>
  <testcase name="getPersonalJSON" classname="lista2020.tests.VerifyServicesSetTests" time="2.655"/>
  <testcase name="getTattooJSON" classname="lista2020.tests.VerifyServicesSetTests" time="2.565"/>
  <testcase name="getTherapistsJSON" classname="lista2020.tests.VerifyServicesSetTests" time="3.01"/>
  <testcase name="getAllTypeJSON" classname="lista2020.tests.VerifyServicesSetTests" time="3.447"/>
  <testcase name="deleteAccount" classname="lista2020.tests.VerifyServicesSetTests" time="14.077"/>
  <system-out><![CDATA[=== ACCOUNT: api_servicetest-1776186181@gmail.com ===
Request method:	POST
Request URI:	https://lista.atzma.im/signup-new-account
Proxy:			<none>
Request params:	<none>
Query params:	<none>
Form params:	added=2020-04-29 12:56:00
				email=api_servicetest-1776186181@gmail.com
				pass=Pa$$w@rd
				phone=0547613154
				permit_ads=true
				business_types=[1]
				lang=en
				timezone=Asia/Jerusalem
				country=IL
				city=Tel Aviv
Path params:	<none>
Headers:		user-agent=alpalch-qpEzhaOvY0Ecb4e0
				X-Requested-With=XMLHttpRequest
				Accept=*/*
				Content-Type=application/x-www-form-urlencoded
Cookies:		<none>
Multiparts:		<none>
Body:			<none>
Account creation response: /en/calendar
Create account code: 201
Cookie value account creation : D59ABAAF5D619E3767D93BC73426438C75B587DC77FA811DF85562E4D6AF8BD6
Request method:	GET
Request URI:	https://lista.atzma.im/catalog/services/
Proxy:			<none>
Request params:	<none>
Query params:	<none>
Form params:	<none>
Path params:	<none>
Headers:		user-agent=alpalch-qpEzhaOvY0Ecb4e0
				Accept=*/*
Cookies:		7b7a53e239400a13bd6be6c91c4f6c4e=D59ABAAF5D619E3767D93BC73426438C75B587DC77FA811DF85562E4D6AF8BD6
Multiparts:		<none>
Body:			<none>
[
    {
        "id": 1,
        "name": "?????",
        "price": "0",
        "duration": 60,
        "color": "#efa5fe",
        "category": {
            "name": "Alternative Therapy Specialists",
            "id": 1
        }
    },
    {
        "id": 2,
        "name": "????? ????? ??????",
        "price": "0",
        "duration": 90,
        "color": "#efa5fe",
        "category": {
            "name": "Alternative Therapy Specialists",
            "id": 1
        }
    },
    {
        "id": 3,
        "name": "????? - 30 ??'",
        "price": "0",
        "duration": 30,
        "color": "#efa5fe",
        "category": {
            "name": "Alternative Therapy Specialists",
            "id": 1
        }
    },
    {
        "id": 4,
        "name": "????? - 45 ??'",
        "price": "0",
        "duration": 45,
        "color": "#efa5fe",
        "category": {
            "name": "Alternative Therapy Specialists",
            "id": 1
        }
    },
    {
        "id": 5,
        "name": "????? - 60 ??', ",
        "price": "0",
        "duration": 60,
        "color": "#efa5fe",
        "category": {
            "name": "Alternative Therapy Specialists",
            "id": 1
        }
    },
    {
        "id": 6,
        "name": "????? - 90 ??'",
        "price": "0",
        "duration": 90,
        "color": "#efa5fe",
        "category": {
            "name": "Alternative Therapy Specialists",
            "id": 1
        }
    },
    {
        "id": 7,
        "name": "??????",
        "price": "0",
        "duration": 60,
        "color": "#efa5fe",
        "category": {
            "name": "Alternative Therapy Specialists",
            "id": 1
        }
    },
    {
        "id": 8,
        "name": "???? ???????",
        "price": "0",
        "duration": 30,
        "color": "#efa5fe",
        "category": {
            "name": "Alternative Therapy Specialists",
            "id": 1
        }
    }
]
=== ACCOUNT: api_servicetest1905007095@gmail.com ===
Request method:	POST
Request URI:	https://lista.atzma.im/signup-new-account
Proxy:			<none>
Request params:	<none>
Query params:	<none>
Form params:	added=2020-04-29 12:56:00
				email=api_servicetest1905007095@gmail.com
				pass=Pa$$w@rd
				phone=0547613154
				permit_ads=true
				business_types=[2]
				lang=en
				timezone=Asia/Jerusalem
				country=IL
				city=Tel Aviv
Path params:	<none>
Headers:		user-agent=alpalch-qpEzhaOvY0Ecb4e0
				X-Requested-With=XMLHttpRequest
				Accept=*/*
				Content-Type=application/x-www-form-urlencoded
Cookies:		<none>
Multiparts:		<none>
Body:			<none>
Account creation response: /en/calendar
Create account code: 201
Cookie value account creation : 754DE35E341AC4D520EECAB6BF00238F8BDDF8BB0B039C75C8371E2818E5773B
Request method:	GET
Request URI:	https://lista.atzma.im/catalog/services/
Proxy:			<none>
Request params:	<none>
Query params:	<none>
Form params:	<none>
Path params:	<none>
Headers:		user-agent=alpalch-qpEzhaOvY0Ecb4e0
				Accept=*/*
Cookies:		7b7a53e239400a13bd6be6c91c4f6c4e=754DE35E341AC4D520EECAB6BF00238F8BDDF8BB0B039C75C8371E2818E5773B
Multiparts:		<none>
Body:			<none>
[
    {
        "id": 1,
        "name": "????? ??????",
        "price": "0",
        "duration": 60,
        "color": "#fff581",
        "category": {
            "name": "Consultants And Coachers",
            "id": 1
        }
    },
    {
        "id": 2,
        "name": "????? ?????/????? - 60 ??'",
        "price": "0",
        "duration": 60,
        "color": "#fff581",
        "category": {
            "name": "Consultants And Coachers",
            "id": 1
        }
    },
    {
        "id": 3,
        "name": "????? ?????/????? - 90 ??', ",
        "price": "0",
        "duration": 90,
        "color": "#fff581",
        "category": {
            "name": "Consultants And Coachers",
            "id": 1
        }
    },
    {
        "id": 4,
        "name": "????? ?????/????? - 120 ??', ",
        "price": "0",
        "duration": 120,
        "color": "#fff581",
        "category": {
            "name": "Consultants And Coachers",
            "id": 1
        }
    },
    {
        "id": 5,
        "name": "?????/????? ??????",
        "price": "0",
        "duration": 60,
        "color": "#fff581",
        "category": {
            "name": "Consultants And Coachers",
            "id": 1
        }
    }
]
=== ACCOUNT: api_servicetest1298587871@gmail.com ===
Request method:	POST
Request URI:	https://lista.atzma.im/signup-new-account
Proxy:			<none>
Request params:	<none>
Query params:	<none>
Form params:	added=2020-04-29 12:56:00
				email=api_servicetest1298587871@gmail.com
				pass=Pa$$w@rd
				phone=0547613154
				permit_ads=true
				business_types=[3]
				lang=en
				timezone=Asia/Jerusalem
				country=IL
				city=Tel Aviv
Path params:	<none>
Headers:		user-agent=alpalch-qpEzhaOvY0Ecb4e0
				X-Requested-With=XMLHttpRequest
				Accept=*/*
				Content-Type=application/x-www-form-urlencoded
Cookies:		<none>
Multiparts:		<none>
Body:			<none>
Account creation response: /en/calendar
Create account code: 201
Cookie value account creation : ADFE1F929271555D7C478B3CE58645BBA14D9B8BB941FA88E0A941E9772ED99B
Request method:	GET
Request URI:	https://lista.atzma.im/catalog/services/
Proxy:			<none>
Request params:	<none>
Query params:	<none>
Form params:	<none>
Path params:	<none>
Headers:		user-agent=alpalch-qpEzhaOvY0Ecb4e0
				Accept=*/*
Cookies:		7b7a53e239400a13bd6be6c91c4f6c4e=ADFE1F929271555D7C478B3CE58645BBA14D9B8BB941FA88E0A941E9772ED99B
Multiparts:		<none>
Body:			<none>
[
    {
        "id": 1,
        "name": "????? ????",
        "price": "350",
        "duration": 60,
        "color": "#50e3c1",
        "category": {
            "name": "Skin Treatments",
            "id": 1
        }
    },
    {
        "id": 2,
        "name": "????? ????/????",
        "price": "250",
        "duration": 45,
        "color": "#50e3c1",
        "category": {
            "name": "Skin Treatments",
            "id": 1
        }
    },
    {
        "id": 3,
        "name": "????? ????????",
        "price": "400",
        "duration": 90,
        "color": "#50e3c1",
        "category": {
            "name": "Skin Treatments",
            "id": 1
        }
    },
    {
        "id": 4,
        "name": "????? ????? ????",
        "price": "200",
        "duration": 60,
        "color": "#50e3c1",
        "category": {
            "name": "Skin Treatments",
            "id": 1
        }
    },
    {
        "id": 5,
        "name": "????? ?????????",
        "price": "300",
        "duration": 75,
        "color": "#50e3c1",
        "category": {
            "name": "Skin Treatments",
            "id": 1
        }
    },
    {
        "id": 6,
        "name": "????? ????",
        "price": "250",
        "duration": 90,
        "color": "#50e3c1",
        "category": {
            "name": "Skin Treatments",
            "id": 1
        }
    },
    {
        "id": 7,
        "name": "????? ????????'??? / ?????",
        "price": "300",
        "duration": 60,
        "color": "#50e3c1",
        "category": {
            "name": "Skin Treatments",
            "id": 1
        }
    },
    {
        "id": 8,
        "name": "??????",
        "price": "400",
        "duration": 75,
        "color": "#50e3c1",
        "category": {
            "name": "Skin Treatments",
            "id": 1
        }
    },
    {
        "id": 9,
        "name": "?? ?'?",
        "price": "120",
        "duration": 45,
        "color": "#efefff",
        "category": {
            "name": "Manicure Pedicure",
            "id": 2
        }
    },
    {
        "id": 10,
        "name": "?? ?'? ???????",
        "price": "150",
        "duration": 30,
        "color": "#efefff",
        "category": {
            "name": "Manicure Pedicure",
            "id": 2
        }
    },
    {
        "id": 11,
        "name": "?????? ??????",
        "price": "45",
        "duration": 15,
        "color": "#efefff",
        "category": {
            "name": "Manicure Pedicure",
            "id": 2
        }
    },
    {
        "id": 12,
        "name": "??????",
        "price": "70",
        "duration": 30,
        "color": "#efefff",
        "category": {
            "name": "Manicure Pedicure",
            "id": 2
        }
    },
    {
        "id": 13,
        "name": "?????? ??????",
        "price": "55",
        "duration": 15,
        "color": "#efefff",
        "category": {
            "name": "Manicure Pedicure",
            "id": 2
        }
    },
    {
        "id": 14,
        "name": "??????",
        "price": "140",
        "duration": 45,
        "color": "#efefff",
        "category": {
            "name": "Manicure Pedicure",
            "id": 2
        }
    },
    {
        "id": 15,
        "name": "?????? ?????",
        "price": "155",
        "duration": 45,
        "color": "#efefff",
        "category": {
            "name": "Manicure Pedicure",
            "id": 2
        }
    },
    {
        "id": 16,
        "name": "????? + ?? ?'?",
        "price": "240",
        "duration": 60,
        "color": "#759bfa",
        "category": {
            "name": "Nail Sculpting",
            "id": 3
        }
    },
    {
        "id": 17,
        "name": "????? + ?? ?'?",
        "price": "130",
        "duration": 60,
        "color": "#759bfa",
        "category": {
            "name": "Nail Sculpting",
            "id": 3
        }
    },
    {
        "id": 18,
        "name": "????? ?????????",
        "price": "300",
        "duration": 60,
        "color": "#759bfa",
        "category": {
            "name": "Nail Sculpting",
            "id": 3
        }
    },
    {
        "id": 19,
        "name": "????? ??'?",
        "price": "220",
        "duration": 60,
        "color": "#759bfa",
        "category": {
            "name": "Nail Sculpting",
            "id": 3
        }
    },
    {
        "id": 20,
        "name": "????? ??????",
        "price": "0",
        "duration": 15,
        "color": "#759bfa",
        "category": {
            "name": "Nail Sculpting",
            "id": 3
        }
    },
    {
        "id": 21,
        "name": "????? ????",
        "price": "110",
        "duration": 60,
        "color": "#759bfa",
        "category": {
            "name": "Nail Sculpting",
            "id": 3
        }
    },
    {
        "id": 22,
        "name": "???? ?????/?? ?'?",
        "price": "50",
        "duration": 30,
        "color": "#759bfa",
        "category": {
            "name": "Nail Sculpting",
            "id": 3
        }
    },
    {
        "id": 23,
        "name": "????? ?????????",
        "price": "0",
        "duration": 30,
        "color": "#759bfa",
        "category": {
            "name": "Nail Sculpting",
            "id": 3
        }
    },
    {
        "id": 24,
        "name": "????? ????",
        "price": "30",
        "duration": 15,
        "color": "#b8e986",
        "category": {
            "name": "Eyebrows / Mustache",
            "id": 4
        }
    },
    {
        "id": 25,
        "name": "???",
        "price": "30",
        "duration": 15,
        "color": "#b8e986",
        "category": {
            "name": "Eyebrows / Mustache",
            "id": 4
        }
    },
    {
        "id": 26,
        "name": "??? + ????",
        "price": "50",
        "duration": 30,
        "color": "#b8e986",
        "category": {
            "name": "Eyebrows / Mustache",
            "id": 4
        }
    },
    {
        "id": 27,
        "name": "???? ?????",
        "price": "0",
        "duration": 30,
        "color": "#3fb6dc",
        "category": {
            "name": "Epilation",
            "id": 5
        }
    },
    {
        "id": 28,
        "name": "????? ?????",
        "price": "0",
        "duration": 30,
        "color": "#3fb6dc",
        "category": {
            "name": "Epilation",
            "id": 5
        }
    },
    {
        "id": 29,
        "name": "????? ??????",
        "price": "0",
        "duration": 45,
        "color": "#3fb6dc",
        "category": {
            "name": "Epilation",
            "id": 5
        }
    },
    {
        "id": 30,
        "name": "????? ?????+???",
        "price": "0",
        "duration": 30,
        "color": "#3fb6dc",
        "category": {
            "name": "Epilation",
            "id": 5
        }
    },
    {
        "id": 31,
        "name": "????? ?????",
        "price": "0",
        "duration": 30,
        "color": "#3fb6dc",
        "category": {
            "name": "Epilation",
            "id": 5
        }
    },
    {
        "id": 32,
        "name": "????? ???",
        "price": "0",
        "duration": 15,
        "color": "#3fb6dc",
        "category": {
            "name": "Epilation",
            "id": 5
        }
    },
    {
        "id": 33,
        "name": "????? ?.??? ??????",
        "price": "0",
        "duration": 30,
        "color": "#3fb6dc",
        "category": {
            "name": "Epilation",
            "id": 5
        }
    },
    {
        "id": 34,
        "name": "????? ?.??? ??????",
        "price": "0",
        "duration": 30,
        "color": "#3fb6dc",
        "category": {
            "name": "Epilation",
            "id": 5
        }
    },
    {
        "id": 35,
        "name": "????? ????",
        "price": "0",
        "duration": 30,
        "color": "#3fb6dc",
        "category": {
            "name": "Epilation",
            "id": 5
        }
    },
    {
        "id": 36,
        "name": "????? ??",
        "price": "0",
        "duration": 30,
        "color": "#3fb6dc",
        "category": {
            "name": "Epilation",
            "id": 5
        }
    },
    {
        "id": 37,
        "name": "????? ???",
        "price": "0",
        "duration": 30,
        "color": "#3fb6dc",
        "category": {
            "name": "Epilation",
            "id": 5
        }
    },
    {
        "id": 38,
        "name": "????? ???+???",
        "price": "0",
        "duration": 45,
        "color": "#3fb6dc",
        "category": {
            "name": "Epilation",
            "id": 5
        }
    },
    {
        "id": 39,
        "name": "????? ????",
        "price": "0",
        "duration": 15,
        "color": "#3fb6dc",
        "category": {
            "name": "Epilation",
            "id": 5
        }
    },
    {
        "id": 40,
        "name": "????? ????",
        "price": "0",
        "duration": 15,
        "color": "#3fb6dc",
        "category": {
            "name": "Epilation",
            "id": 5
        }
    },
    {
        "id": 41,
        "name": "????? ???+????",
        "price": "0",
        "duration": 15,
        "color": "#3fb6dc",
        "category": {
            "name": "Epilation",
            "id": 5
        }
    },
    {
        "id": 42,
        "name": "????? ???",
        "price": "0",
        "duration": 15,
        "color": "#3fb6dc",
        "category": {
            "name": "Epilation",
            "id": 5
        }
    },
    {
        "id": 43,
        "name": "????? ????? ???",
        "price": "0",
        "duration": 15,
        "color": "#3fb6dc",
        "category": {
            "name": "Epilation",
            "id": 5
        }
    },
    {
        "id": 44,
        "name": "????? ???",
        "price": "0",
        "duration": 30,
        "color": "#3fb6dc",
        "category": {
            "name": "Epilation",
            "id": 5
        }
    },
    {
        "id": 45,
        "name": "????? ?? ???",
        "price": "0",
        "duration": 15,
        "color": "#3fb6dc",
        "category": {
            "name": "Epilation",
            "id": 5
        }
    },
    {
        "id": 46,
        "name": "????? - ????",
        "price": "50",
        "duration": 15,
        "color": "#deceff",
        "category": {
            "name": "Waxing",
            "id": 6
        }
    },
    {
        "id": 47,
        "name": "????? - ???",
        "price": "30",
        "duration": 15,
        "color": "#deceff",
        "category": {
            "name": "Waxing",
            "id": 6
        }
    },
    {
        "id": 48,
        "name": "????? - ??????",
        "price": "40",
        "duration": 15,
        "color": "#deceff",
        "category": {
            "name": "Waxing",
            "id": 6
        }
    },
    {
        "id": 49,
        "name": "????? - ??????",
        "price": "60",
        "duration": 15,
        "color": "#deceff",
        "category": {
            "name": "Waxing",
            "id": 6
        }
    },
    {
        "id": 50,
        "name": "????? - ????",
        "price": "80",
        "duration": 15,
        "color": "#deceff",
        "category": {
            "name": "Waxing",
            "id": 6
        }
    },
    {
        "id": 51,
        "name": "????? - ??????",
        "price": "120",
        "duration": 30,
        "color": "#deceff",
        "category": {
            "name": "Waxing",
            "id": 6
        }
    },
    {
        "id": 52,
        "name": "????? - ??? ???",
        "price": "80",
        "duration": 30,
        "color": "#deceff",
        "category": {
            "name": "Waxing",
            "id": 6
        }
    },
    {
        "id": 53,
        "name": "????? - ?????? + ?????",
        "price": "150",
        "duration": 30,
        "color": "#deceff",
        "category": {
            "name": "Waxing",
            "id": 6
        }
    },
    {
        "id": 54,
        "name": "????? - ?????",
        "price": "80",
        "duration": 15,
        "color": "#deceff",
        "category": {
            "name": "Waxing",
            "id": 6
        }
    },
    {
        "id": 55,
        "name": "????? ??? - ??",
        "price": "120",
        "duration": 30,
        "color": "#deceff",
        "category": {
            "name": "Waxing",
            "id": 6
        }
    },
    {
        "id": 56,
        "name": "????? ??? - ???",
        "price": "80",
        "duration": 30,
        "color": "#deceff",
        "category": {
            "name": "Waxing",
            "id": 6
        }
    },
    {
        "id": 57,
        "name": "????? ??? - ??????",
        "price": "50",
        "duration": 15,
        "color": "#deceff",
        "category": {
            "name": "Waxing",
            "id": 6
        }
    },
    {
        "id": 58,
        "name": "????? ??? - ????",
        "price": "30",
        "duration": 15,
        "color": "#deceff",
        "category": {
            "name": "Waxing",
            "id": 6
        }
    },
    {
        "id": 59,
        "name": "????? - ???",
        "price": "50",
        "duration": 15,
        "color": "#deceff",
        "category": {
            "name": "Waxing",
            "id": 6
        }
    },
    {
        "id": 60,
        "name": "????? ??? - ???",
        "price": "70",
        "duration": 15,
        "color": "#deceff",
        "category": {
            "name": "Waxing",
            "id": 6
        }
    },
    {
        "id": 61,
        "name": "????? - ??? ??",
        "price": "40",
        "duration": 15,
        "color": "#deceff",
        "category": {
            "name": "Waxing",
            "id": 6
        }
    },
    {
        "id": 62,
        "name": "????? ????- ???????? ?????",
        "price": "0",
        "duration": 120,
        "color": "#ff98ad",
        "category": {
            "name": "Makeup / Permanent Makeup",
            "id": 7
        }
    },
    {
        "id": 63,
        "name": "????? ???? - ???????? ?????",
        "price": "0",
        "duration": 120,
        "color": "#ff98ad",
        "category": {
            "name": "Makeup / Permanent Makeup",
            "id": 7
        }
    },
    {
        "id": 64,
        "name": "????? ???? - ??????",
        "price": "0",
        "duration": 120,
        "color": "#ff98ad",
        "category": {
            "name": "Makeup / Permanent Makeup",
            "id": 7
        }
    },
    {
        "id": 65,
        "name": "????? ????? ????",
        "price": "0",
        "duration": 60,
        "color": "#ff98ad",
        "category": {
            "name": "Makeup / Permanent Makeup",
            "id": 7
        }
    },
    {
        "id": 66,
        "name": "????? ???",
        "price": "300",
        "duration": 45,
        "color": "#ff98ad",
        "category": {
            "name": "Makeup / Permanent Makeup",
            "id": 7
        }
    },
    {
        "id": 67,
        "name": "????? ???",
        "price": "950",
        "duration": 90,
        "color": "#ff98ad",
        "category": {
            "name": "Makeup / Permanent Makeup",
            "id": 7
        }
    },
    {
        "id": 68,
        "name": "????? ???? ????",
        "price": "0",
        "duration": 120,
        "color": "#ff98ad",
        "category": {
            "name": "Makeup / Permanent Makeup",
            "id": 7
        }
    }
]
=== ACCOUNT: api_servicetest1205704629@gmail.com ===
Request method:	POST
Request URI:	https://lista.atzma.im/signup-new-account
Proxy:			<none>
Request params:	<none>
Query params:	<none>
Form params:	added=2020-04-29 12:56:00
				email=api_servicetest1205704629@gmail.com
				pass=Pa$$w@rd
				phone=0547613154
				permit_ads=true
				business_types=[4]
				lang=en
				timezone=Asia/Jerusalem
				country=IL
				city=Tel Aviv
Path params:	<none>
Headers:		user-agent=alpalch-qpEzhaOvY0Ecb4e0
				X-Requested-With=XMLHttpRequest
				Accept=*/*
				Content-Type=application/x-www-form-urlencoded
Cookies:		<none>
Multiparts:		<none>
Body:			<none>
Account creation response: /en/calendar
Create account code: 201
Cookie value account creation : 19CC56155426FF01882EB151B32BF7D1899E2CF10C0013B39158DA9B3034E4DB
Request method:	GET
Request URI:	https://lista.atzma.im/catalog/services/
Proxy:			<none>
Request params:	<none>
Query params:	<none>
Form params:	<none>
Path params:	<none>
Headers:		user-agent=alpalch-qpEzhaOvY0Ecb4e0
				Accept=*/*
Cookies:		7b7a53e239400a13bd6be6c91c4f6c4e=19CC56155426FF01882EB151B32BF7D1899E2CF10C0013B39158DA9B3034E4DB
Multiparts:		<none>
Body:			<none>
[
    {
        "id": 1,
        "name": "?????? ???",
        "price": "50",
        "duration": 15,
        "color": "#50e3c1",
        "category": {
            "name": "Hair Styling",
            "id": 1
        }
    },
    {
        "id": 2,
        "name": "?????? ???",
        "price": "50",
        "duration": 15,
        "color": "#a44bc2",
        "category": {
            "name": "Hair Styling",
            "id": 1
        }
    },
    {
        "id": 3,
        "name": "?????? ????",
        "price": "150",
        "duration": 30,
        "color": "#a44bc2",
        "category": {
            "name": "Hair Styling",
            "id": 1
        }
    },
    {
        "id": 4,
        "name": "?? ???",
        "price": "80",
        "duration": 30,
        "color": "#a44bc2",
        "category": {
            "name": "Hair Styling",
            "id": 1
        }
    },
    {
        "id": 5,
        "name": "?? ????",
        "price": "100",
        "duration": 45,
        "color": "#a44bc2",
        "category": {
            "name": "Hair Styling",
            "id": 1
        }
    },
    {
        "id": 6,
        "name": "?? ????",
        "price": "0",
        "duration": 15,
        "color": "#a44bc2",
        "category": {
            "name": "Hair Styling",
            "id": 1
        }
    },
    {
        "id": 7,
        "name": "?? ????????",
        "price": "120",
        "duration": 30,
        "color": "#a44bc2",
        "category": {
            "name": "Hair Styling",
            "id": 1
        }
    },
    {
        "id": 8,
        "name": "?????? ???",
        "price": "250",
        "duration": 60,
        "color": "#a44bc2",
        "category": {
            "name": "Hair Styling",
            "id": 1
        }
    },
    {
        "id": 9,
        "name": "?????? ???? + ??",
        "price": "180",
        "duration": 60,
        "color": "#a44bc2",
        "category": {
            "name": "Hair Styling",
            "id": 1
        }
    },
    {
        "id": 10,
        "name": "?????? ??? + ???",
        "price": "70",
        "duration": 30,
        "color": "#a44bc2",
        "category": {
            "name": "Hair Styling",
            "id": 1
        }
    },
    {
        "id": 11,
        "name": "???? ?????",
        "price": "0",
        "duration": 15,
        "color": "#efa5fe",
        "category": {
            "name": "Hair Coloring",
            "id": 2
        }
    },
    {
        "id": 12,
        "name": "??? ??? ???",
        "price": "220",
        "duration": 15,
        "color": "#efa5fe",
        "category": {
            "name": "Hair Coloring",
            "id": 2
        }
    },
    {
        "id": 13,
        "name": "??? ????",
        "price": "150",
        "duration": 15,
        "color": "#efa5fe",
        "category": {
            "name": "Hair Coloring",
            "id": 2
        }
    },
    {
        "id": 14,
        "name": "?????",
        "price": "150",
        "duration": 15,
        "color": "#efa5fe",
        "category": {
            "name": "Hair Coloring",
            "id": 2
        }
    },
    {
        "id": 15,
        "name": "?????? ??? ???",
        "price": "500",
        "duration": 75,
        "color": "#efa5fe",
        "category": {
            "name": "Hair Coloring",
            "id": 2
        }
    },
    {
        "id": 16,
        "name": "?????? ??? ???",
        "price": "300",
        "duration": 45,
        "color": "#efa5fe",
        "category": {
            "name": "Hair Coloring",
            "id": 2
        }
    },
    {
        "id": 17,
        "name": "??????",
        "price": "600",
        "duration": 120,
        "color": "#efa5fe",
        "category": {
            "name": "Hair Coloring",
            "id": 2
        }
    },
    {
        "id": 18,
        "name": "?????'",
        "price": "800",
        "duration": 120,
        "color": "#efa5fe",
        "category": {
            "name": "Hair Coloring",
            "id": 2
        }
    },
    {
        "id": 19,
        "name": "?????",
        "price": "150",
        "duration": 60,
        "color": "#efa5fe",
        "category": {
            "name": "Hair Coloring",
            "id": 2
        }
    },
    {
        "id": 20,
        "name": "????? ??????",
        "price": "250",
        "duration": 45,
        "color": "#efa5fe",
        "category": {
            "name": "Hair Coloring",
            "id": 2
        }
    },
    {
        "id": 21,
        "name": "????? ??????",
        "price": "600",
        "duration": 45,
        "color": "#fff581",
        "category": {
            "name": "Hair Straightening",
            "id": 3
        }
    },
    {
        "id": 22,
        "name": "????? ???????",
        "price": "600",
        "duration": 45,
        "color": "#fff581",
        "category": {
            "name": "Hair Straightening",
            "id": 3
        }
    },
    {
        "id": 23,
        "name": "????? ??????",
        "price": "800",
        "duration": 120,
        "color": "#fff581",
        "category": {
            "name": "Hair Straightening",
            "id": 3
        }
    },
    {
        "id": 24,
        "name": "????? ?????",
        "price": "1200",
        "duration": 60,
        "color": "#fff581",
        "category": {
            "name": "Hair Straightening",
            "id": 3
        }
    },
    {
        "id": 25,
        "name": "????? / ?????",
        "price": "0",
        "duration": 90,
        "color": "#fff581",
        "category": {
            "name": "Hair Straightening",
            "id": 3
        }
    }
]
=== ACCOUNT: api_servicetest-323251352@gmail.com ===
Request method:	POST
Request URI:	https://lista.atzma.im/signup-new-account
Proxy:			<none>
Request params:	<none>
Query params:	<none>
Form params:	added=2020-04-29 12:56:00
				email=api_servicetest-323251352@gmail.com
				pass=Pa$$w@rd
				phone=0547613154
				permit_ads=true
				business_types=[5]
				lang=en
				timezone=Asia/Jerusalem
				country=IL
				city=Tel Aviv
Path params:	<none>
Headers:		user-agent=alpalch-qpEzhaOvY0Ecb4e0
				X-Requested-With=XMLHttpRequest
				Accept=*/*
				Content-Type=application/x-www-form-urlencoded
Cookies:		<none>
Multiparts:		<none>
Body:			<none>
Account creation response: /en/calendar
Create account code: 201
Cookie value account creation : D64026E8E90B651E289D175DDA72CA654E0077767983537051F5F59BA30F09A5
Request method:	GET
Request URI:	https://lista.atzma.im/catalog/services/
Proxy:			<none>
Request params:	<none>
Query params:	<none>
Form params:	<none>
Path params:	<none>
Headers:		user-agent=alpalch-qpEzhaOvY0Ecb4e0
				Accept=*/*
Cookies:		7b7a53e239400a13bd6be6c91c4f6c4e=D64026E8E90B651E289D175DDA72CA654E0077767983537051F5F59BA30F09A5
Multiparts:		<none>
Body:			<none>
[
    {
        "id": 1,
        "name": "????? ??????",
        "price": "0",
        "duration": 60,
        "color": "#efefff",
        "category": {
            "name": "Interior Designers and Architects",
            "id": 1
        }
    },
    {
        "id": 2,
        "name": "????? ????? ???? - ???",
        "price": "0",
        "duration": 60,
        "color": "#efefff",
        "category": {
            "name": "Interior Designers and Architects",
            "id": 1
        }
    },
    {
        "id": 3,
        "name": "????? ????? ????? - ??????",
        "price": "0",
        "duration": 120,
        "color": "#efefff",
        "category": {
            "name": "Interior Designers and Architects",
            "id": 1
        }
    },
    {
        "id": 4,
        "name": "????? ????? ????? - 3 ????",
        "price": "0",
        "duration": 180,
        "color": "#efefff",
        "category": {
            "name": "Interior Designers and Architects",
            "id": 1
        }
    },
    {
        "id": 5,
        "name": "??? ??? ?? ????",
        "price": "0",
        "duration": 360,
        "color": "#efefff",
        "category": {
            "name": "Interior Designers and Architects",
            "id": 1
        }
    }
]
=== ACCOUNT: api_servicetest-2052805988@gmail.com ===
Request method:	POST
Request URI:	https://lista.atzma.im/signup-new-account
Proxy:			<none>
Request params:	<none>
Query params:	<none>
Form params:	added=2020-04-29 12:56:00
				email=api_servicetest-2052805988@gmail.com
				pass=Pa$$w@rd
				phone=0547613154
				permit_ads=true
				business_types=[6]
				lang=en
				timezone=Asia/Jerusalem
				country=IL
				city=Tel Aviv
Path params:	<none>
Headers:		user-agent=alpalch-qpEzhaOvY0Ecb4e0
				X-Requested-With=XMLHttpRequest
				Accept=*/*
				Content-Type=application/x-www-form-urlencoded
Cookies:		<none>
Multiparts:		<none>
Body:			<none>
Account creation response: /en/calendar
Create account code: 201
Cookie value account creation : 22D38FDD505499FCE5CA41A156BEAF4951AFF12632BD2C20B5C956AE791FCFA4
Request method:	GET
Request URI:	https://lista.atzma.im/catalog/services/
Proxy:			<none>
Request params:	<none>
Query params:	<none>
Form params:	<none>
Path params:	<none>
Headers:		user-agent=alpalch-qpEzhaOvY0Ecb4e0
				Accept=*/*
Cookies:		7b7a53e239400a13bd6be6c91c4f6c4e=22D38FDD505499FCE5CA41A156BEAF4951AFF12632BD2C20B5C956AE791FCFA4
Multiparts:		<none>
Body:			<none>
[
    {
        "id": 1,
        "name": "???? ???????",
        "price": "0",
        "duration": 30,
        "color": "#50e3c1",
        "category": {
            "name": "Installers and Technicians",
            "id": 1
        }
    },
    {
        "id": 2,
        "name": "????? ?????? ",
        "price": "0",
        "duration": 90,
        "color": "#50e3c1",
        "category": {
            "name": "Installers and Technicians",
            "id": 1
        }
    },
    {
        "id": 3,
        "name": "?????/????? - 45 ??'",
        "price": "0",
        "duration": 45,
        "color": "#50e3c1",
        "category": {
            "name": "Installers and Technicians",
            "id": 1
        }
    },
    {
        "id": 4,
        "name": "?????/????? - 60 ??'",
        "price": "0",
        "duration": 60,
        "color": "#50e3c1",
        "category": {
            "name": "Installers and Technicians",
            "id": 1
        }
    },
    {
        "id": 5,
        "name": "?????/????? - 90 ??'",
        "price": "0",
        "duration": 90,
        "color": "#50e3c1",
        "category": {
            "name": "Installers and Technicians",
            "id": 1
        }
    },
    {
        "id": 6,
        "name": "?????/????? - 120 ??'",
        "price": "0",
        "duration": 120,
        "color": "#50e3c1",
        "category": {
            "name": "Installers and Technicians",
            "id": 1
        }
    }
]
=== ACCOUNT: api_servicetest-798601411@gmail.com ===
Request method:	POST
Request URI:	https://lista.atzma.im/signup-new-account
Proxy:			<none>
Request params:	<none>
Query params:	<none>
Form params:	added=2020-04-29 12:56:00
				email=api_servicetest-798601411@gmail.com
				pass=Pa$$w@rd
				phone=0547613154
				permit_ads=true
				business_types=[7]
				lang=en
				timezone=Asia/Jerusalem
				country=IL
				city=Tel Aviv
Path params:	<none>
Headers:		user-agent=alpalch-qpEzhaOvY0Ecb4e0
				X-Requested-With=XMLHttpRequest
				Accept=*/*
				Content-Type=application/x-www-form-urlencoded
Cookies:		<none>
Multiparts:		<none>
Body:			<none>
Account creation response: /en/calendar
Create account code: 201
Cookie value account creation : 75F7DF2CCF817F881BC4AA9CF726F697358E1CD06075BC1A773D7B50462F4F63
Request method:	GET
Request URI:	https://lista.atzma.im/catalog/services/
Proxy:			<none>
Request params:	<none>
Query params:	<none>
Form params:	<none>
Path params:	<none>
Headers:		user-agent=alpalch-qpEzhaOvY0Ecb4e0
				Accept=*/*
Cookies:		7b7a53e239400a13bd6be6c91c4f6c4e=75F7DF2CCF817F881BC4AA9CF726F697358E1CD06075BC1A773D7B50462F4F63
Multiparts:		<none>
Body:			<none>
[
    {
        "id": 1,
        "name": "????? ?????",
        "price": "0",
        "duration": 60,
        "color": "#759bfa",
        "category": {
            "name": "Makeup / Wedding Makeup",
            "id": 1
        }
    },
    {
        "id": 2,
        "name": "????? ???",
        "price": "300",
        "duration": 45,
        "color": "#759bfa",
        "category": {
            "name": "Makeup / Wedding Makeup",
            "id": 1
        }
    },
    {
        "id": 3,
        "name": "????? ???",
        "price": "800",
        "duration": 75,
        "color": "#759bfa",
        "category": {
            "name": "Makeup / Wedding Makeup",
            "id": 1
        }
    },
    {
        "id": 4,
        "name": "????? ?????",
        "price": "250",
        "duration": 45,
        "color": "#759bfa",
        "category": {
            "name": "Makeup / Wedding Makeup",
            "id": 1
        }
    },
    {
        "id": 5,
        "name": "????? ??????",
        "price": "100",
        "duration": 60,
        "color": "#759bfa",
        "category": {
            "name": "Makeup / Wedding Makeup",
            "id": 1
        }
    },
    {
        "id": 6,
        "name": "?????? ???",
        "price": "0",
        "duration": 90,
        "color": "#759bfa",
        "category": {
            "name": "Makeup / Wedding Makeup",
            "id": 1
        }
    },
    {
        "id": 7,
        "name": "?????? ???",
        "price": "1200",
        "duration": 120,
        "color": "#759bfa",
        "category": {
            "name": "Makeup / Wedding Makeup",
            "id": 1
        }
    },
    {
        "id": 8,
        "name": "?????? ?????",
        "price": "300",
        "duration": 90,
        "color": "#759bfa",
        "category": {
            "name": "Makeup / Wedding Makeup",
            "id": 1
        }
    },
    {
        "id": 9,
        "name": "?????? ??????",
        "price": "0",
        "duration": 60,
        "color": "#759bfa",
        "category": {
            "name": "Makeup / Wedding Makeup",
            "id": 1
        }
    },
    {
        "id": 10,
        "name": "????? ??? (???? + ?????)",
        "price": "1700",
        "duration": 210,
        "color": "#759bfa",
        "category": {
            "name": "Makeup / Wedding Makeup",
            "id": 1
        }
    },
    {
        "id": 11,
        "name": "????? ????? (???? + ?????)",
        "price": "500",
        "duration": 180,
        "color": "#759bfa",
        "category": {
            "name": "Makeup / Wedding Makeup",
            "id": 1
        }
    },
    {
        "id": 12,
        "name": "???? / ????? ??????",
        "price": "0",
        "duration": 120,
        "color": "#759bfa",
        "category": {
            "name": "Makeup / Wedding Makeup",
            "id": 1
        }
    }
]
=== ACCOUNT: api_servicetest-159415712@gmail.com ===
Request method:	POST
Request URI:	https://lista.atzma.im/signup-new-account
Proxy:			<none>
Request params:	<none>
Query params:	<none>
Form params:	added=2020-04-29 12:56:00
				email=api_servicetest-159415712@gmail.com
				pass=Pa$$w@rd
				phone=0547613154
				permit_ads=true
				business_types=[8]
				lang=en
				timezone=Asia/Jerusalem
				country=IL
				city=Tel Aviv
Path params:	<none>
Headers:		user-agent=alpalch-qpEzhaOvY0Ecb4e0
				X-Requested-With=XMLHttpRequest
				Accept=*/*
				Content-Type=application/x-www-form-urlencoded
Cookies:		<none>
Multiparts:		<none>
Body:			<none>
Account creation response: /en/calendar
Create account code: 201
Cookie value account creation : F7933B6414536A48136096CEB613997D67645B20C1C8DDB2FBC7D992F32D900F
Request method:	GET
Request URI:	https://lista.atzma.im/catalog/services/
Proxy:			<none>
Request params:	<none>
Query params:	<none>
Form params:	<none>
Path params:	<none>
Headers:		user-agent=alpalch-qpEzhaOvY0Ecb4e0
				Accept=*/*
Cookies:		7b7a53e239400a13bd6be6c91c4f6c4e=F7933B6414536A48136096CEB613997D67645B20C1C8DDB2FBC7D992F32D900F
Multiparts:		<none>
Body:			<none>
[
    {
        "id": 1,
        "name": "?? ?'?",
        "price": "120",
        "duration": 45,
        "color": "#efefff",
        "category": {
            "name": "Manicure Pedicure",
            "id": 1
        }
    },
    {
        "id": 2,
        "name": "?? ?'? ???????",
        "price": "150",
        "duration": 30,
        "color": "#efefff",
        "category": {
            "name": "Manicure Pedicure",
            "id": 1
        }
    },
    {
        "id": 3,
        "name": "?????? ??????",
        "price": "45",
        "duration": 15,
        "color": "#efefff",
        "category": {
            "name": "Manicure Pedicure",
            "id": 1
        }
    },
    {
        "id": 4,
        "name": "??????",
        "price": "70",
        "duration": 30,
        "color": "#efefff",
        "category": {
            "name": "Manicure Pedicure",
            "id": 1
        }
    },
    {
        "id": 5,
        "name": "?????? ??????",
        "price": "55",
        "duration": 15,
        "color": "#efefff",
        "category": {
            "name": "Manicure Pedicure",
            "id": 1
        }
    },
    {
        "id": 6,
        "name": "??????",
        "price": "140",
        "duration": 45,
        "color": "#efefff",
        "category": {
            "name": "Manicure Pedicure",
            "id": 1
        }
    },
    {
        "id": 7,
        "name": "?????? ?????",
        "price": "155",
        "duration": 45,
        "color": "#efefff",
        "category": {
            "name": "Manicure Pedicure",
            "id": 1
        }
    },
    {
        "id": 8,
        "name": "????? + ?? ?'?",
        "price": "240",
        "duration": 60,
        "color": "#759bfa",
        "category": {
            "name": "Nail Sculpting",
            "id": 2
        }
    },
    {
        "id": 9,
        "name": "????? + ?? ?'?",
        "price": "130",
        "duration": 60,
        "color": "#759bfa",
        "category": {
            "name": "Nail Sculpting",
            "id": 2
        }
    },
    {
        "id": 10,
        "name": "????? ?????????",
        "price": "300",
        "duration": 60,
        "color": "#759bfa",
        "category": {
            "name": "Nail Sculpting",
            "id": 2
        }
    },
    {
        "id": 11,
        "name": "????? ??'?",
        "price": "220",
        "duration": 60,
        "color": "#759bfa",
        "category": {
            "name": "Nail Sculpting",
            "id": 2
        }
    },
    {
        "id": 12,
        "name": "????? ??????",
        "price": "0",
        "duration": 15,
        "color": "#759bfa",
        "category": {
            "name": "Nail Sculpting",
            "id": 2
        }
    },
    {
        "id": 13,
        "name": "????? ????",
        "price": "110",
        "duration": 60,
        "color": "#759bfa",
        "category": {
            "name": "Nail Sculpting",
            "id": 2
        }
    },
    {
        "id": 14,
        "name": "???? ?????/?? ?'?",
        "price": "50",
        "duration": 30,
        "color": "#759bfa",
        "category": {
            "name": "Nail Sculpting",
            "id": 2
        }
    },
    {
        "id": 15,
        "name": "????? ?????????",
        "price": "0",
        "duration": 30,
        "color": "#759bfa",
        "category": {
            "name": "Nail Sculpting",
            "id": 2
        }
    },
    {
        "id": 16,
        "name": "????? ????",
        "price": "30",
        "duration": 15,
        "color": "#b8e986",
        "category": {
            "name": "Eyebrows / Mustache",
            "id": 3
        }
    },
    {
        "id": 17,
        "name": "???",
        "price": "30",
        "duration": 15,
        "color": "#b8e986",
        "category": {
            "name": "Eyebrows / Mustache",
            "id": 3
        }
    },
    {
        "id": 18,
        "name": "??? + ????",
        "price": "50",
        "duration": 30,
        "color": "#b8e986",
        "category": {
            "name": "Eyebrows / Mustache",
            "id": 3
        }
    }
]
=== ACCOUNT: api_servicetest-6159714@gmail.com ===
Request method:	POST
Request URI:	https://lista.atzma.im/signup-new-account
Proxy:			<none>
Request params:	<none>
Query params:	<none>
Form params:	added=2020-04-29 12:56:00
				email=api_servicetest-6159714@gmail.com
				pass=Pa$$w@rd
				phone=0547613154
				permit_ads=true
				business_types=[9]
				lang=en
				timezone=Asia/Jerusalem
				country=IL
				city=Tel Aviv
Path params:	<none>
Headers:		user-agent=alpalch-qpEzhaOvY0Ecb4e0
				X-Requested-With=XMLHttpRequest
				Accept=*/*
				Content-Type=application/x-www-form-urlencoded
Cookies:		<none>
Multiparts:		<none>
Body:			<none>
Account creation response: /en/calendar
Create account code: 201
Cookie value account creation : 807B98D12121BE67EEB9455F6DBE061892EE4AC9C54207EAD5DF97C9156F9BB4
Request method:	GET
Request URI:	https://lista.atzma.im/catalog/services/
Proxy:			<none>
Request params:	<none>
Query params:	<none>
Form params:	<none>
Path params:	<none>
Headers:		user-agent=alpalch-qpEzhaOvY0Ecb4e0
				Accept=*/*
Cookies:		7b7a53e239400a13bd6be6c91c4f6c4e=807B98D12121BE67EEB9455F6DBE061892EE4AC9C54207EAD5DF97C9156F9BB4
Multiparts:		<none>
Body:			<none>
[
    {
        "id": 1,
        "name": "?????",
        "price": "0",
        "duration": 60,
        "color": "#b8e986",
        "category": {
            "name": "Massage and Reflexology Therapists",
            "id": 1
        }
    },
    {
        "id": 2,
        "name": "????? ????? ??????",
        "price": "0",
        "duration": 90,
        "color": "#b8e986",
        "category": {
            "name": "Massage and Reflexology Therapists",
            "id": 1
        }
    },
    {
        "id": 3,
        "name": "????? - 30 ??'",
        "price": "0",
        "duration": 30,
        "color": "#b8e986",
        "category": {
            "name": "Massage and Reflexology Therapists",
            "id": 1
        }
    },
    {
        "id": 4,
        "name": "????? - 45 ??'",
        "price": "0",
        "duration": 45,
        "color": "#b8e986",
        "category": {
            "name": "Massage and Reflexology Therapists",
            "id": 1
        }
    },
    {
        "id": 5,
        "name": "????? - 60 ??'",
        "price": "0",
        "duration": 60,
        "color": "#b8e986",
        "category": {
            "name": "Massage and Reflexology Therapists",
            "id": 1
        }
    },
    {
        "id": 6,
        "name": "????? - 90 ??'",
        "price": "0",
        "duration": 90,
        "color": "#b8e986",
        "category": {
            "name": "Massage and Reflexology Therapists",
            "id": 1
        }
    },
    {
        "id": 7,
        "name": "??????",
        "price": "0",
        "duration": 60,
        "color": "#b8e986",
        "category": {
            "name": "Massage and Reflexology Therapists",
            "id": 1
        }
    },
    {
        "id": 8,
        "name": "???? ???????",
        "price": "0",
        "duration": 30,
        "color": "#b8e986",
        "category": {
            "name": "Massage and Reflexology Therapists",
            "id": 1
        }
    }
]
=== ACCOUNT: api_servicetest-574726368@gmail.com ===
Request method:	POST
Request URI:	https://lista.atzma.im/signup-new-account
Proxy:			<none>
Request params:	<none>
Query params:	<none>
Form params:	added=2020-04-29 12:56:00
				email=api_servicetest-574726368@gmail.com
				pass=Pa$$w@rd
				phone=0547613154
				permit_ads=true
				business_types=[10]
				lang=en
				timezone=Asia/Jerusalem
				country=IL
				city=Tel Aviv
Path params:	<none>
Headers:		user-agent=alpalch-qpEzhaOvY0Ecb4e0
				X-Requested-With=XMLHttpRequest
				Accept=*/*
				Content-Type=application/x-www-form-urlencoded
Cookies:		<none>
Multiparts:		<none>
Body:			<none>
Account creation response: /en/calendar
Create account code: 201
Cookie value account creation : F4CBFCE5244AD7A505DD2BBE666F0D8E6D0921E1CE3CF722BE3287D7938E6D1C
Request method:	GET
Request URI:	https://lista.atzma.im/catalog/services/
Proxy:			<none>
Request params:	<none>
Query params:	<none>
Form params:	<none>
Path params:	<none>
Headers:		user-agent=alpalch-qpEzhaOvY0Ecb4e0
				Accept=*/*
Cookies:		7b7a53e239400a13bd6be6c91c4f6c4e=F4CBFCE5244AD7A505DD2BBE666F0D8E6D0921E1CE3CF722BE3287D7938E6D1C
Multiparts:		<none>
Body:			<none>
[
    {
        "id": 1,
        "name": "????? ?????? ",
        "price": "0",
        "duration": 60,
        "color": "#3fb6dc",
        "category": {
            "name": "Movers and Cleaners",
            "id": 1
        }
    },
    {
        "id": 2,
        "name": "????? - ??????",
        "price": "0",
        "duration": 120,
        "color": "#3fb6dc",
        "category": {
            "name": "Movers and Cleaners",
            "id": 1
        }
    },
    {
        "id": 3,
        "name": "????? - 3 ????",
        "price": "0",
        "duration": 180,
        "color": "#3fb6dc",
        "category": {
            "name": "Movers and Cleaners",
            "id": 1
        }
    },
    {
        "id": 4,
        "name": "????? - 4 ????",
        "price": "0",
        "duration": 240,
        "color": "#3fb6dc",
        "category": {
            "name": "Movers and Cleaners",
            "id": 1
        }
    },
    {
        "id": 5,
        "name": "????? - 5 ????",
        "price": "0",
        "duration": 300,
        "color": "#3fb6dc",
        "category": {
            "name": "Movers and Cleaners",
            "id": 1
        }
    },
    {
        "id": 6,
        "name": "???? ???????",
        "price": "0",
        "duration": 30,
        "color": "#3fb6dc",
        "category": {
            "name": "Movers and Cleaners",
            "id": 1
        }
    }
]
=== ACCOUNT: api_servicetest1748440074@gmail.com ===
Request method:	POST
Request URI:	https://lista.atzma.im/signup-new-account
Proxy:			<none>
Request params:	<none>
Query params:	<none>
Form params:	added=2020-04-29 12:56:00
				email=api_servicetest1748440074@gmail.com
				pass=Pa$$w@rd
				phone=0547613154
				permit_ads=true
				business_types=[11]
				lang=en
				timezone=Asia/Jerusalem
				country=IL
				city=Tel Aviv
Path params:	<none>
Headers:		user-agent=alpalch-qpEzhaOvY0Ecb4e0
				X-Requested-With=XMLHttpRequest
				Accept=*/*
				Content-Type=application/x-www-form-urlencoded
Cookies:		<none>
Multiparts:		<none>
Body:			<none>
Account creation response: /en/calendar
Create account code: 201
Cookie value account creation : 94D80E80E4A34277F440798533CCBFCFA3673F65C9B89C89E99F78F0BDBB8979
Request method:	GET
Request URI:	https://lista.atzma.im/catalog/services/
Proxy:			<none>
Request params:	<none>
Query params:	<none>
Form params:	<none>
Path params:	<none>
Headers:		user-agent=alpalch-qpEzhaOvY0Ecb4e0
				Accept=*/*
Cookies:		7b7a53e239400a13bd6be6c91c4f6c4e=94D80E80E4A34277F440798533CCBFCFA3673F65C9B89C89E99F78F0BDBB8979
Multiparts:		<none>
Body:			<none>
[
    {
        "id": 1,
        "name": "????? ?????? / ??????",
        "price": "0",
        "duration": 90,
        "color": "#deceff",
        "category": {
            "name": "Nutritionists and Naturopaths",
            "id": 1
        }
    },
    {
        "id": 2,
        "name": "?????",
        "price": "0",
        "duration": 60,
        "color": "#deceff",
        "category": {
            "name": "Nutritionists and Naturopaths",
            "id": 1
        }
    },
    {
        "id": 3,
        "name": "???? ???????",
        "price": "0",
        "duration": 30,
        "color": "#deceff",
        "category": {
            "name": "Nutritionists and Naturopaths",
            "id": 1
        }
    },
    {
        "id": 4,
        "name": "????? - 45 ??'",
        "price": "0",
        "duration": 45,
        "color": "#deceff",
        "category": {
            "name": "Nutritionists and Naturopaths",
            "id": 1
        }
    },
    {
        "id": 5,
        "name": "????? - 60 ??'",
        "price": "0",
        "duration": 60,
        "color": "#deceff",
        "category": {
            "name": "Nutritionists and Naturopaths",
            "id": 1
        }
    },
    {
        "id": 6,
        "name": "????? - 90 ??'",
        "price": "0",
        "duration": 90,
        "color": "#deceff",
        "category": {
            "name": "Nutritionists and Naturopaths",
            "id": 1
        }
    },
    {
        "id": 7,
        "name": "????? - 120 ??'",
        "price": "0",
        "duration": 120,
        "color": "#deceff",
        "category": {
            "name": "Nutritionists and Naturopaths",
            "id": 1
        }
    },
    {
        "id": 8,
        "name": "??????",
        "price": "0",
        "duration": 60,
        "color": "#deceff",
        "category": {
            "name": "Nutritionists and Naturopaths",
            "id": 1
        }
    }
]
=== ACCOUNT: api_servicetest-1004763701@gmail.com ===
Request method:	POST
Request URI:	https://lista.atzma.im/signup-new-account
Proxy:			<none>
Request params:	<none>
Query params:	<none>
Form params:	added=2020-04-29 12:56:00
				email=api_servicetest-1004763701@gmail.com
				pass=Pa$$w@rd
				phone=0547613154
				permit_ads=true
				business_types=[12]
				lang=en
				timezone=Asia/Jerusalem
				country=IL
				city=Tel Aviv
Path params:	<none>
Headers:		user-agent=alpalch-qpEzhaOvY0Ecb4e0
				X-Requested-With=XMLHttpRequest
				Accept=*/*
				Content-Type=application/x-www-form-urlencoded
Cookies:		<none>
Multiparts:		<none>
Body:			<none>
Account creation response: /en/calendar
Create account code: 201
Cookie value account creation : C6901CE3AD36C786E10867EF1A63FE8A8C0B0DD3886D51A46F85E939F4D6AB96
Request method:	GET
Request URI:	https://lista.atzma.im/catalog/services/
Proxy:			<none>
Request params:	<none>
Query params:	<none>
Form params:	<none>
Path params:	<none>
Headers:		user-agent=alpalch-qpEzhaOvY0Ecb4e0
				Accept=*/*
Cookies:		7b7a53e239400a13bd6be6c91c4f6c4e=C6901CE3AD36C786E10867EF1A63FE8A8C0B0DD3886D51A46F85E939F4D6AB96
Multiparts:		<none>
Body:			<none>
[
    {
        "id": 1,
        "name": "???? ??????? / ???? ????",
        "price": "0",
        "duration": 30,
        "color": "#ff98ad",
        "category": {
            "name": "Pest Controllers",
            "id": 1
        }
    },
    {
        "id": 2,
        "name": "????? ???? 2 ?????",
        "price": "0",
        "duration": 60,
        "color": "#ff98ad",
        "category": {
            "name": "Pest Controllers",
            "id": 1
        }
    },
    {
        "id": 3,
        "name": "????? ???? 3 ?????",
        "price": "0",
        "duration": 60,
        "color": "#ff98ad",
        "category": {
            "name": "Pest Controllers",
            "id": 1
        }
    },
    {
        "id": 4,
        "name": "????? ???? 4 ?????",
        "price": "0",
        "duration": 90,
        "color": "#ff98ad",
        "category": {
            "name": "Pest Controllers",
            "id": 1
        }
    },
    {
        "id": 5,
        "name": "????? ????? ????",
        "price": "0",
        "duration": 60,
        "color": "#ff98ad",
        "category": {
            "name": "Pest Controllers",
            "id": 1
        }
    },
    {
        "id": 6,
        "name": "????? ??? ???? - ???",
        "price": "0",
        "duration": 120,
        "color": "#ff98ad",
        "category": {
            "name": "Pest Controllers",
            "id": 1
        }
    },
    {
        "id": 7,
        "name": "????? ??? ???? - ????",
        "price": "0",
        "duration": 180,
        "color": "#ff98ad",
        "category": {
            "name": "Pest Controllers",
            "id": 1
        }
    },
    {
        "id": 8,
        "name": "????? ???? ?????",
        "price": "0",
        "duration": 30,
        "color": "#ff98ad",
        "category": {
            "name": "Pest Controllers",
            "id": 1
        }
    },
    {
        "id": 9,
        "name": "????? ??????? / ???",
        "price": "0",
        "duration": 60,
        "color": "#ff98ad",
        "category": {
            "name": "Pest Controllers",
            "id": 1
        }
    },
    {
        "id": 10,
        "name": "????? ???? / ??? / ????",
        "price": "0",
        "duration": 60,
        "color": "#ff98ad",
        "category": {
            "name": "Pest Controllers",
            "id": 1
        }
    },
    {
        "id": 11,
        "name": "????? ?????? ????? ",
        "price": "0",
        "duration": 180,
        "color": "#ff98ad",
        "category": {
            "name": "Pest Controllers",
            "id": 1
        }
    }
]
=== ACCOUNT: api_servicetest1224137853@gmail.com ===
Request method:	POST
Request URI:	https://lista.atzma.im/signup-new-account
Proxy:			<none>
Request params:	<none>
Query params:	<none>
Form params:	added=2020-04-29 12:56:00
				email=api_servicetest1224137853@gmail.com
				pass=Pa$$w@rd
				phone=0547613154
				permit_ads=true
				business_types=[13]
				lang=en
				timezone=Asia/Jerusalem
				country=IL
				city=Tel Aviv
Path params:	<none>
Headers:		user-agent=alpalch-qpEzhaOvY0Ecb4e0
				X-Requested-With=XMLHttpRequest
				Accept=*/*
				Content-Type=application/x-www-form-urlencoded
Cookies:		<none>
Multiparts:		<none>
Body:			<none>
Account creation response: /en/calendar
Create account code: 201
Cookie value account creation : 191999DB18573D6D32DD415D73CD3168372DDD04724D8669D53262681A857B20
Request method:	GET
Request URI:	https://lista.atzma.im/catalog/services/
Proxy:			<none>
Request params:	<none>
Query params:	<none>
Form params:	<none>
Path params:	<none>
Headers:		user-agent=alpalch-qpEzhaOvY0Ecb4e0
				Accept=*/*
Cookies:		7b7a53e239400a13bd6be6c91c4f6c4e=191999DB18573D6D32DD415D73CD3168372DDD04724D8669D53262681A857B20
Multiparts:		<none>
Body:			<none>
[
    {
        "id": 1,
        "name": "????? ?????? / ??????",
        "price": "0",
        "duration": 90,
        "color": "#a44bc2",
        "category": {
            "name": "Private Teachers and Tutors",
            "id": 1
        }
    },
    {
        "id": 2,
        "name": "????? - 45 ??'",
        "price": "0",
        "duration": 45,
        "color": "#a44bc2",
        "category": {
            "name": "Private Teachers and Tutors",
            "id": 1
        }
    },
    {
        "id": 3,
        "name": "????? - 60 ??'",
        "price": "0",
        "duration": 60,
        "color": "#a44bc2",
        "category": {
            "name": "Private Teachers and Tutors",
            "id": 1
        }
    },
    {
        "id": 4,
        "name": "????? - 90 ??'",
        "price": "0",
        "duration": 90,
        "color": "#a44bc2",
        "category": {
            "name": "Private Teachers and Tutors",
            "id": 1
        }
    },
    {
        "id": 5,
        "name": "????? - 120 ??'",
        "price": "0",
        "duration": 120,
        "color": "#a44bc2",
        "category": {
            "name": "Private Teachers and Tutors",
            "id": 1
        }
    }
]
=== ACCOUNT: api_servicetest1925426343@gmail.com ===
Request method:	POST
Request URI:	https://lista.atzma.im/signup-new-account
Proxy:			<none>
Request params:	<none>
Query params:	<none>
Form params:	added=2020-04-29 12:56:00
				email=api_servicetest1925426343@gmail.com
				pass=Pa$$w@rd
				phone=0547613154
				permit_ads=true
				business_types=[14]
				lang=en
				timezone=Asia/Jerusalem
				country=IL
				city=Tel Aviv
Path params:	<none>
Headers:		user-agent=alpalch-qpEzhaOvY0Ecb4e0
				X-Requested-With=XMLHttpRequest
				Accept=*/*
				Content-Type=application/x-www-form-urlencoded
Cookies:		<none>
Multiparts:		<none>
Body:			<none>
Account creation response: /en/calendar
Create account code: 201
Cookie value account creation : A3F8A0E9254A48720A1DABEAA7A92E42D4E7D8EE41837F711DEFFB8E6C0DB9F1
Request method:	GET
Request URI:	https://lista.atzma.im/catalog/services/
Proxy:			<none>
Request params:	<none>
Query params:	<none>
Form params:	<none>
Path params:	<none>
Headers:		user-agent=alpalch-qpEzhaOvY0Ecb4e0
				Accept=*/*
Cookies:		7b7a53e239400a13bd6be6c91c4f6c4e=A3F8A0E9254A48720A1DABEAA7A92E42D4E7D8EE41837F711DEFFB8E6C0DB9F1
Multiparts:		<none>
Body:			<none>
[
    {
        "id": 1,
        "name": "????? ?????? ",
        "price": "0",
        "duration": 90,
        "color": "#efa5fe",
        "category": {
            "name": "Real Estate Agents Marketers Insurers",
            "id": 1
        }
    },
    {
        "id": 2,
        "name": "????? - 45 ??'",
        "price": "0",
        "duration": 45,
        "color": "#efa5fe",
        "category": {
            "name": "Real Estate Agents Marketers Insurers",
            "id": 1
        }
    },
    {
        "id": 3,
        "name": "????? - 60 ??'",
        "price": "0",
        "duration": 60,
        "color": "#efa5fe",
        "category": {
            "name": "Real Estate Agents Marketers Insurers",
            "id": 1
        }
    },
    {
        "id": 4,
        "name": "????? - 90 ??'",
        "price": "0",
        "duration": 90,
        "color": "#efa5fe",
        "category": {
            "name": "Real Estate Agents Marketers Insurers",
            "id": 1
        }
    },
    {
        "id": 5,
        "name": "????? - 120 ??'",
        "price": "0",
        "duration": 120,
        "color": "#efa5fe",
        "category": {
            "name": "Real Estate Agents Marketers Insurers",
            "id": 1
        }
    },
    {
        "id": 6,
        "name": "???? ???????",
        "price": "0",
        "duration": 30,
        "color": "#efa5fe",
        "category": {
            "name": "Real Estate Agents Marketers Insurers",
            "id": 1
        }
    }
]
=== ACCOUNT: api_servicetest1413222884@gmail.com ===
Request method:	POST
Request URI:	https://lista.atzma.im/signup-new-account
Proxy:			<none>
Request params:	<none>
Query params:	<none>
Form params:	added=2020-04-29 12:56:00
				email=api_servicetest1413222884@gmail.com
				pass=Pa$$w@rd
				phone=0547613154
				permit_ads=true
				business_types=[15]
				lang=en
				timezone=Asia/Jerusalem
				country=IL
				city=Tel Aviv
Path params:	<none>
Headers:		user-agent=alpalch-qpEzhaOvY0Ecb4e0
				X-Requested-With=XMLHttpRequest
				Accept=*/*
				Content-Type=application/x-www-form-urlencoded
Cookies:		<none>
Multiparts:		<none>
Body:			<none>
Account creation response: /en/calendar
Create account code: 201
Cookie value account creation : 0666B5AA2D0CCE163A8A3F7FE733C4EB6B8F1E377558A30C29E35F48808E62D9
Request method:	GET
Request URI:	https://lista.atzma.im/catalog/services/
Proxy:			<none>
Request params:	<none>
Query params:	<none>
Form params:	<none>
Path params:	<none>
Headers:		user-agent=alpalch-qpEzhaOvY0Ecb4e0
				Accept=*/*
Cookies:		7b7a53e239400a13bd6be6c91c4f6c4e=0666B5AA2D0CCE163A8A3F7FE733C4EB6B8F1E377558A30C29E35F48808E62D9
Multiparts:		<none>
Body:			<none>
[
    {
        "id": 1,
        "name": "????? ??????",
        "price": "0",
        "duration": 90,
        "color": "#fff581",
        "category": {
            "name": "Service Providers For Home and Business",
            "id": 1
        }
    },
    {
        "id": 2,
        "name": "????? - 45 ??'",
        "price": "0",
        "duration": 45,
        "color": "#fff581",
        "category": {
            "name": "Service Providers For Home and Business",
            "id": 1
        }
    },
    {
        "id": 3,
        "name": "????? - 60 ??'",
        "price": "0",
        "duration": 60,
        "color": "#fff581",
        "category": {
            "name": "Service Providers For Home and Business",
            "id": 1
        }
    },
    {
        "id": 4,
        "name": "????? - 90 ??'",
        "price": "0",
        "duration": 90,
        "color": "#fff581",
        "category": {
            "name": "Service Providers For Home and Business",
            "id": 1
        }
    },
    {
        "id": 5,
        "name": "????? - 120 ??'",
        "price": "0",
        "duration": 120,
        "color": "#fff581",
        "category": {
            "name": "Service Providers For Home and Business",
            "id": 1
        }
    },
    {
        "id": 6,
        "name": "???? ???????",
        "price": "0",
        "duration": 30,
        "color": "#fff581",
        "category": {
            "name": "Service Providers For Home and Business",
            "id": 1
        }
    }
]
=== ACCOUNT: api_servicetest372999527@gmail.com ===
Request method:	POST
Request URI:	https://lista.atzma.im/signup-new-account
Proxy:			<none>
Request params:	<none>
Query params:	<none>
Form params:	added=2020-04-29 12:56:00
				email=api_servicetest372999527@gmail.com
				pass=Pa$$w@rd
				phone=0547613154
				permit_ads=true
				business_types=[16]
				lang=en
				timezone=Asia/Jerusalem
				country=IL
				city=Tel Aviv
Path params:	<none>
Headers:		user-agent=alpalch-qpEzhaOvY0Ecb4e0
				X-Requested-With=XMLHttpRequest
				Accept=*/*
				Content-Type=application/x-www-form-urlencoded
Cookies:		<none>
Multiparts:		<none>
Body:			<none>
Account creation response: /en/calendar
Create account code: 201
Cookie value account creation : 5E75300A277690AFDD917D5855F635747412D04FACE8BED7D0C2822C2C80F654
Request method:	GET
Request URI:	https://lista.atzma.im/catalog/services/
Proxy:			<none>
Request params:	<none>
Query params:	<none>
Form params:	<none>
Path params:	<none>
Headers:		user-agent=alpalch-qpEzhaOvY0Ecb4e0
				Accept=*/*
Cookies:		7b7a53e239400a13bd6be6c91c4f6c4e=5E75300A277690AFDD917D5855F635747412D04FACE8BED7D0C2822C2C80F654
Multiparts:		<none>
Body:			<none>
[
    {
        "id": 1,
        "name": "????? ????",
        "price": "0",
        "duration": 15,
        "color": "#50e3c1",
        "category": {
            "name": "Sports and Fitness Instructors",
            "id": 1
        }
    },
    {
        "id": 2,
        "name": "????? ????",
        "price": "0",
        "duration": 60,
        "color": "#50e3c1",
        "category": {
            "name": "Sports and Fitness Instructors",
            "id": 1
        }
    },
    {
        "id": 3,
        "name": "????? ????",
        "price": "0",
        "duration": 60,
        "color": "#50e3c1",
        "category": {
            "name": "Sports and Fitness Instructors",
            "id": 1
        }
    },
    {
        "id": 4,
        "name": "????? - 45 ??'",
        "price": "0",
        "duration": 45,
        "color": "#50e3c1",
        "category": {
            "name": "Sports and Fitness Instructors",
            "id": 1
        }
    },
    {
        "id": 5,
        "name": "????? - 60 ??'",
        "price": "0",
        "duration": 60,
        "color": "#50e3c1",
        "category": {
            "name": "Sports and Fitness Instructors",
            "id": 1
        }
    },
    {
        "id": 6,
        "name": "????? - 90 ??'",
        "price": "0",
        "duration": 90,
        "color": "#50e3c1",
        "category": {
            "name": "Sports and Fitness Instructors",
            "id": 1
        }
    },
    {
        "id": 7,
        "name": "?????? / ????? ??????",
        "price": "0",
        "duration": 30,
        "color": "#50e3c1",
        "category": {
            "name": "Sports and Fitness Instructors",
            "id": 1
        }
    }
]
=== ACCOUNT: api_servicetest1798551076@gmail.com ===
Request method:	POST
Request URI:	https://lista.atzma.im/signup-new-account
Proxy:			<none>
Request params:	<none>
Query params:	<none>
Form params:	added=2020-04-29 12:56:00
				email=api_servicetest1798551076@gmail.com
				pass=Pa$$w@rd
				phone=0547613154
				permit_ads=true
				business_types=[17]
				lang=en
				timezone=Asia/Jerusalem
				country=IL
				city=Tel Aviv
Path params:	<none>
Headers:		user-agent=alpalch-qpEzhaOvY0Ecb4e0
				X-Requested-With=XMLHttpRequest
				Accept=*/*
				Content-Type=application/x-www-form-urlencoded
Cookies:		<none>
Multiparts:		<none>
Body:			<none>
Account creation response: /en/calendar
Create account code: 201
Cookie value account creation : E10E8EF856F64E8C21580DAA1248EA19A472C5CD4FE6954E2100799B9859219B
Request method:	GET
Request URI:	https://lista.atzma.im/catalog/services/
Proxy:			<none>
Request params:	<none>
Query params:	<none>
Form params:	<none>
Path params:	<none>
Headers:		user-agent=alpalch-qpEzhaOvY0Ecb4e0
				Accept=*/*
Cookies:		7b7a53e239400a13bd6be6c91c4f6c4e=E10E8EF856F64E8C21580DAA1248EA19A472C5CD4FE6954E2100799B9859219B
Multiparts:		<none>
Body:			<none>
[
    {
        "id": 1,
        "name": "????? ??????",
        "price": "0",
        "duration": 60,
        "color": "#fff581",
        "category": {
            "name": "Tattoo Artists",
            "id": 1
        }
    },
    {
        "id": 2,
        "name": "????? ?? ???? - 60 ??'",
        "price": "0",
        "duration": 60,
        "color": "#fff581",
        "category": {
            "name": "Tattoo Artists",
            "id": 1
        }
    },
    {
        "id": 3,
        "name": "????? ?? ???? - 90 ??'",
        "price": "0",
        "duration": 90,
        "color": "#fff581",
        "category": {
            "name": "Tattoo Artists",
            "id": 1
        }
    },
    {
        "id": 4,
        "name": "????? ?? ???? - 120 ??'",
        "price": "0",
        "duration": 120,
        "color": "#fff581",
        "category": {
            "name": "Tattoo Artists",
            "id": 1
        }
    }
]
=== ACCOUNT: api_servicetest-1044844139@gmail.com ===
Request method:	POST
Request URI:	https://lista.atzma.im/signup-new-account
Proxy:			<none>
Request params:	<none>
Query params:	<none>
Form params:	added=2020-04-29 12:56:00
				email=api_servicetest-1044844139@gmail.com
				pass=Pa$$w@rd
				phone=0547613154
				permit_ads=true
				business_types=[18]
				lang=en
				timezone=Asia/Jerusalem
				country=IL
				city=Tel Aviv
Path params:	<none>
Headers:		user-agent=alpalch-qpEzhaOvY0Ecb4e0
				X-Requested-With=XMLHttpRequest
				Accept=*/*
				Content-Type=application/x-www-form-urlencoded
Cookies:		<none>
Multiparts:		<none>
Body:			<none>
Account creation response: /en/calendar
Create account code: 201
Cookie value account creation : 47357AD7A8B698A5176A0F1579DA3B044BE953EB697E88FE50E8E9F8CE2FF375
Request method:	GET
Request URI:	https://lista.atzma.im/catalog/services/
Proxy:			<none>
Request params:	<none>
Query params:	<none>
Form params:	<none>
Path params:	<none>
Headers:		user-agent=alpalch-qpEzhaOvY0Ecb4e0
				Accept=*/*
Cookies:		7b7a53e239400a13bd6be6c91c4f6c4e=47357AD7A8B698A5176A0F1579DA3B044BE953EB697E88FE50E8E9F8CE2FF375
Multiparts:		<none>
Body:			<none>
[
    {
        "id": 1,
        "name": "????? ?????? / ??????",
        "price": "0",
        "duration": 90,
        "color": "#759bfa",
        "category": {
            "name": "Therapy Specialists",
            "id": 1
        }
    },
    {
        "id": 2,
        "name": "????? - 45 ??'",
        "price": "0",
        "duration": 45,
        "color": "#759bfa",
        "category": {
            "name": "Therapy Specialists",
            "id": 1
        }
    },
    {
        "id": 3,
        "name": "????? - 60 ??'",
        "price": "0",
        "duration": 60,
        "color": "#759bfa",
        "category": {
            "name": "Therapy Specialists",
            "id": 1
        }
    },
    {
        "id": 4,
        "name": "????? - 90 ??'",
        "price": "0",
        "duration": 90,
        "color": "#759bfa",
        "category": {
            "name": "Therapy Specialists",
            "id": 1
        }
    },
    {
        "id": 5,
        "name": "????? - 120 ??'",
        "price": "0",
        "duration": 120,
        "color": "#759bfa",
        "category": {
            "name": "Therapy Specialists",
            "id": 1
        }
    },
    {
        "id": 6,
        "name": "?????",
        "price": "0",
        "duration": 60,
        "color": "#759bfa",
        "category": {
            "name": "Therapy Specialists",
            "id": 1
        }
    },
    {
        "id": 7,
        "name": "??????",
        "price": "0",
        "duration": 60,
        "color": "#759bfa",
        "category": {
            "name": "Therapy Specialists",
            "id": 1
        }
    },
    {
        "id": 8,
        "name": "???? ???????",
        "price": "0",
        "duration": 30,
        "color": "#759bfa",
        "category": {
            "name": "Therapy Specialists",
            "id": 1
        }
    }
]
=== ACCOUNT: api_servicetest1974677266@gmail.com ===
Request method:	POST
Request URI:	https://lista.atzma.im/signup-new-account
Proxy:			<none>
Request params:	<none>
Query params:	<none>
Form params:	added=2020-04-29 12:56:00
				email=api_servicetest1974677266@gmail.com
				pass=Pa$$w@rd
				phone=0547613154
				permit_ads=true
				business_types=[1,2,3,4,5,6,7,8,9,10,11,12,13,14,15,16,17,18]
				lang=en
				timezone=Asia/Jerusalem
				country=IL
				city=Tel Aviv
Path params:	<none>
Headers:		user-agent=alpalch-qpEzhaOvY0Ecb4e0
				X-Requested-With=XMLHttpRequest
				Accept=*/*
				Content-Type=application/x-www-form-urlencoded
Cookies:		<none>
Multiparts:		<none>
Body:			<none>
Account creation response: /en/calendar
Create account code: 201
Cookie value account creation : D8F45D961C186B1168B47BF630BC2CE7622DA1CA48B2C23F70EDBE24E8499941
Request method:	GET
Request URI:	https://lista.atzma.im/catalog/services/
Proxy:			<none>
Request params:	<none>
Query params:	<none>
Form params:	<none>
Path params:	<none>
Headers:		user-agent=alpalch-qpEzhaOvY0Ecb4e0
				Accept=*/*
Cookies:		7b7a53e239400a13bd6be6c91c4f6c4e=D8F45D961C186B1168B47BF630BC2CE7622DA1CA48B2C23F70EDBE24E8499941
Multiparts:		<none>
Body:			<none>
[
    {
        "id": 1,
        "name": "?????",
        "price": "0",
        "duration": 60,
        "color": "#efa5fe",
        "category": {
            "name": "Alternative Therapy Specialists",
            "id": 1
        }
    },
    {
        "id": 2,
        "name": "????? ????? ??????",
        "price": "0",
        "duration": 90,
        "color": "#efa5fe",
        "category": {
            "name": "Alternative Therapy Specialists",
            "id": 1
        }
    },
    {
        "id": 3,
        "name": "????? - 30 ??'",
        "price": "0",
        "duration": 30,
        "color": "#efa5fe",
        "category": {
            "name": "Alternative Therapy Specialists",
            "id": 1
        }
    },
    {
        "id": 4,
        "name": "????? - 45 ??'",
        "price": "0",
        "duration": 45,
        "color": "#efa5fe",
        "category": {
            "name": "Alternative Therapy Specialists",
            "id": 1
        }
    },
    {
        "id": 5,
        "name": "????? - 60 ??', ",
        "price": "0",
        "duration": 60,
        "color": "#efa5fe",
        "category": {
            "name": "Alternative Therapy Specialists",
            "id": 1
        }
    },
    {
        "id": 6,
        "name": "????? - 90 ??'",
        "price": "0",
        "duration": 90,
        "color": "#efa5fe",
        "category": {
            "name": "Alternative Therapy Specialists",
            "id": 1
        }
    },
    {
        "id": 7,
        "name": "??????",
        "price": "0",
        "duration": 60,
        "color": "#efa5fe",
        "category": {
            "name": "Alternative Therapy Specialists",
            "id": 1
        }
    },
    {
        "id": 8,
        "name": "???? ???????",
        "price": "0",
        "duration": 30,
        "color": "#efa5fe",
        "category": {
            "name": "Alternative Therapy Specialists",
            "id": 1
        }
    },
    {
        "id": 9,
        "name": "????? ??????",
        "price": "0",
        "duration": 60,
        "color": "#fff581",
        "category": {
            "name": "Consultants And Coachers",
            "id": 2
        }
    },
    {
        "id": 10,
        "name": "????? ?????/????? - 60 ??'",
        "price": "0",
        "duration": 60,
        "color": "#fff581",
        "category": {
            "name": "Consultants And Coachers",
            "id": 2
        }
    },
    {
        "id": 11,
        "name": "????? ?????/????? - 90 ??', ",
        "price": "0",
        "duration": 90,
        "color": "#fff581",
        "category": {
            "name": "Consultants And Coachers",
            "id": 2
        }
    },
    {
        "id": 12,
        "name": "????? ?????/????? - 120 ??', ",
        "price": "0",
        "duration": 120,
        "color": "#fff581",
        "category": {
            "name": "Consultants And Coachers",
            "id": 2
        }
    },
    {
        "id": 13,
        "name": "?????/????? ??????",
        "price": "0",
        "duration": 60,
        "color": "#fff581",
        "category": {
            "name": "Consultants And Coachers",
            "id": 2
        }
    },
    {
        "id": 14,
        "name": "????? ????",
        "price": "350",
        "duration": 60,
        "color": "#50e3c1",
        "category": {
            "name": "Skin Treatments",
            "id": 3
        }
    },
    {
        "id": 15,
        "name": "????? ????/????",
        "price": "250",
        "duration": 45,
        "color": "#50e3c1",
        "category": {
            "name": "Skin Treatments",
            "id": 3
        }
    },
    {
        "id": 16,
        "name": "????? ????????",
        "price": "400",
        "duration": 90,
        "color": "#50e3c1",
        "category": {
            "name": "Skin Treatments",
            "id": 3
        }
    },
    {
        "id": 17,
        "name": "????? ????? ????",
        "price": "200",
        "duration": 60,
        "color": "#50e3c1",
        "category": {
            "name": "Skin Treatments",
            "id": 3
        }
    },
    {
        "id": 18,
        "name": "????? ?????????",
        "price": "300",
        "duration": 75,
        "color": "#50e3c1",
        "category": {
            "name": "Skin Treatments",
            "id": 3
        }
    },
    {
        "id": 19,
[...]
        "price": "0",
        "duration": 90,
        "color": "#a44bc2",
        "category": {
            "name": "Private Teachers and Tutors",
            "id": 20
        }
    },
    {
        "id": 182,
        "name": "????? - 45 ??'",
        "price": "0",
        "duration": 45,
        "color": "#a44bc2",
        "category": {
            "name": "Private Teachers and Tutors",
            "id": 20
        }
    },
    {
        "id": 183,
        "name": "????? - 60 ??'",
        "price": "0",
        "duration": 60,
        "color": "#a44bc2",
        "category": {
            "name": "Private Teachers and Tutors",
            "id": 20
        }
    },
    {
        "id": 184,
        "name": "????? - 90 ??'",
        "price": "0",
        "duration": 90,
        "color": "#a44bc2",
        "category": {
            "name": "Private Teachers and Tutors",
            "id": 20
        }
    },
    {
        "id": 185,
        "name": "????? - 120 ??'",
        "price": "0",
        "duration": 120,
        "color": "#a44bc2",
        "category": {
            "name": "Private Teachers and Tutors",
            "id": 20
        }
    },
    {
        "id": 186,
        "name": "????? ?????? ",
        "price": "0",
        "duration": 90,
        "color": "#efa5fe",
        "category": {
            "name": "Real Estate Agents Marketers Insurers",
            "id": 21
        }
    },
    {
        "id": 187,
        "name": "????? - 45 ??'",
        "price": "0",
        "duration": 45,
        "color": "#efa5fe",
        "category": {
            "name": "Real Estate Agents Marketers Insurers",
            "id": 21
        }
    },
    {
        "id": 188,
        "name": "????? - 60 ??'",
        "price": "0",
        "duration": 60,
        "color": "#efa5fe",
        "category": {
            "name": "Real Estate Agents Marketers Insurers",
            "id": 21
        }
    },
    {
        "id": 189,
        "name": "????? - 90 ??'",
        "price": "0",
        "duration": 90,
        "color": "#efa5fe",
        "category": {
            "name": "Real Estate Agents Marketers Insurers",
            "id": 21
        }
    },
    {
        "id": 190,
        "name": "????? - 120 ??'",
        "price": "0",
        "duration": 120,
        "color": "#efa5fe",
        "category": {
            "name": "Real Estate Agents Marketers Insurers",
            "id": 21
        }
    },
    {
        "id": 191,
        "name": "???? ???????",
        "price": "0",
        "duration": 30,
        "color": "#efa5fe",
        "category": {
            "name": "Real Estate Agents Marketers Insurers",
            "id": 21
        }
    },
    {
        "id": 192,
        "name": "????? ??????",
        "price": "0",
        "duration": 90,
        "color": "#fff581",
        "category": {
            "name": "Service Providers For Home and Business",
            "id": 22
        }
    },
    {
        "id": 193,
        "name": "????? - 45 ??'",
        "price": "0",
        "duration": 45,
        "color": "#fff581",
        "category": {
            "name": "Service Providers For Home and Business",
            "id": 22
        }
    },
    {
        "id": 194,
        "name": "????? - 60 ??'",
        "price": "0",
        "duration": 60,
        "color": "#fff581",
        "category": {
            "name": "Service Providers For Home and Business",
            "id": 22
        }
    },
    {
        "id": 195,
        "name": "????? - 90 ??'",
        "price": "0",
        "duration": 90,
        "color": "#fff581",
        "category": {
            "name": "Service Providers For Home and Business",
            "id": 22
        }
    },
    {
        "id": 196,
        "name": "????? - 120 ??'",
        "price": "0",
        "duration": 120,
        "color": "#fff581",
        "category": {
            "name": "Service Providers For Home and Business",
            "id": 22
        }
    },
    {
        "id": 197,
        "name": "???? ???????",
        "price": "0",
        "duration": 30,
        "color": "#fff581",
        "category": {
            "name": "Service Providers For Home and Business",
            "id": 22
        }
    },
    {
        "id": 198,
        "name": "????? ????",
        "price": "0",
        "duration": 15,
        "color": "#50e3c1",
        "category": {
            "name": "Sports and Fitness Instructors",
            "id": 23
        }
    },
    {
        "id": 199,
        "name": "????? ????",
        "price": "0",
        "duration": 60,
        "color": "#50e3c1",
        "category": {
            "name": "Sports and Fitness Instructors",
            "id": 23
        }
    },
    {
        "id": 200,
        "name": "????? ????",
        "price": "0",
        "duration": 60,
        "color": "#50e3c1",
        "category": {
            "name": "Sports and Fitness Instructors",
            "id": 23
        }
    },
    {
        "id": 201,
        "name": "????? - 45 ??'",
        "price": "0",
        "duration": 45,
        "color": "#50e3c1",
        "category": {
            "name": "Sports and Fitness Instructors",
            "id": 23
        }
    },
    {
        "id": 202,
        "name": "????? - 60 ??'",
        "price": "0",
        "duration": 60,
        "color": "#50e3c1",
        "category": {
            "name": "Sports and Fitness Instructors",
            "id": 23
        }
    },
    {
        "id": 203,
        "name": "????? - 90 ??'",
        "price": "0",
        "duration": 90,
        "color": "#50e3c1",
        "category": {
            "name": "Sports and Fitness Instructors",
            "id": 23
        }
    },
    {
        "id": 204,
        "name": "?????? / ????? ??????",
        "price": "0",
        "duration": 30,
        "color": "#50e3c1",
        "category": {
            "name": "Sports and Fitness Instructors",
            "id": 23
        }
    },
    {
        "id": 205,
        "name": "????? ??????",
        "price": "0",
        "duration": 60,
        "color": "#fff581",
        "category": {
            "name": "Tattoo Artists",
            "id": 24
        }
    },
    {
        "id": 206,
        "name": "????? ?? ???? - 60 ??'",
        "price": "0",
        "duration": 60,
        "color": "#fff581",
        "category": {
            "name": "Tattoo Artists",
            "id": 24
        }
    },
    {
        "id": 207,
        "name": "????? ?? ???? - 90 ??'",
        "price": "0",
        "duration": 90,
        "color": "#fff581",
        "category": {
            "name": "Tattoo Artists",
            "id": 24
        }
    },
    {
        "id": 208,
        "name": "????? ?? ???? - 120 ??'",
        "price": "0",
        "duration": 120,
        "color": "#fff581",
        "category": {
            "name": "Tattoo Artists",
            "id": 24
        }
    },
    {
        "id": 209,
        "name": "????? ?????? / ??????",
        "price": "0",
        "duration": 90,
        "color": "#759bfa",
        "category": {
            "name": "Therapy Specialists",
            "id": 25
        }
    },
    {
        "id": 210,
        "name": "????? - 45 ??'",
        "price": "0",
        "duration": 45,
        "color": "#759bfa",
        "category": {
            "name": "Therapy Specialists",
            "id": 25
        }
    },
    {
        "id": 211,
        "name": "????? - 60 ??'",
        "price": "0",
        "duration": 60,
        "color": "#759bfa",
        "category": {
            "name": "Therapy Specialists",
            "id": 25
        }
    },
    {
        "id": 212,
        "name": "????? - 90 ??'",
        "price": "0",
        "duration": 90,
        "color": "#759bfa",
        "category": {
            "name": "Therapy Specialists",
            "id": 25
        }
    },
    {
        "id": 213,
        "name": "????? - 120 ??'",
        "price": "0",
        "duration": 120,
        "color": "#759bfa",
        "category": {
            "name": "Therapy Specialists",
            "id": 25
        }
    },
    {
        "id": 214,
        "name": "?????",
        "price": "0",
        "duration": 60,
        "color": "#759bfa",
        "category": {
            "name": "Therapy Specialists",
            "id": 25
        }
    },
    {
        "id": 215,
        "name": "??????",
        "price": "0",
        "duration": 60,
        "color": "#759bfa",
        "category": {
            "name": "Therapy Specialists",
            "id": 25
        }
    },
    {
        "id": 216,
        "name": "???? ???????",
        "price": "0",
        "duration": 30,
        "color": "#759bfa",
        "category": {
            "name": "Therapy Specialists",
            "id": 25
        }
    }
]
//----------------------- DELETION ------------------------//
== ACCOUNTS FOR DELETION: 19
Request method:	DELETE
Request URI:	https://lista.atzma.im/settings/business/account
Proxy:			<none>
Request params:	<none>
Query params:	<none>
Form params:	<none>
Path params:	<none>
Headers:		user-agent=alpalch-qpEzhaOvY0Ecb4e0
				X-Requested-With=XMLHttpRequest
				Accept=*/*
				Content-Type=application/x-www-form-urlencoded
Cookies:		7b7a53e239400a13bd6be6c91c4f6c4e=D59ABAAF5D619E3767D93BC73426438C75B587DC77FA811DF85562E4D6AF8BD6
Multiparts:		<none>
Body:			<none>
Delete account 1 code: 401
Request method:	DELETE
Request URI:	https://lista.atzma.im/settings/business/account
Proxy:			<none>
Request params:	<none>
Query params:	<none>
Form params:	<none>
Path params:	<none>
Headers:		user-agent=alpalch-qpEzhaOvY0Ecb4e0
				X-Requested-With=XMLHttpRequest
				Accept=*/*
				Content-Type=application/x-www-form-urlencoded
Cookies:		7b7a53e239400a13bd6be6c91c4f6c4e=754DE35E341AC4D520EECAB6BF00238F8BDDF8BB0B039C75C8371E2818E5773B
Multiparts:		<none>
Body:			<none>
Delete account 1 code: 401
Request method:	DELETE
Request URI:	https://lista.atzma.im/settings/business/account
Proxy:			<none>
Request params:	<none>
Query params:	<none>
Form params:	<none>
Path params:	<none>
Headers:		user-agent=alpalch-qpEzhaOvY0Ecb4e0
				X-Requested-With=XMLHttpRequest
				Accept=*/*
				Content-Type=application/x-www-form-urlencoded
Cookies:		7b7a53e239400a13bd6be6c91c4f6c4e=ADFE1F929271555D7C478B3CE58645BBA14D9B8BB941FA88E0A941E9772ED99B
Multiparts:		<none>
Body:			<none>
Delete account 1 code: 401
Request method:	DELETE
Request URI:	https://lista.atzma.im/settings/business/account
Proxy:			<none>
Request params:	<none>
Query params:	<none>
Form params:	<none>
Path params:	<none>
Headers:		user-agent=alpalch-qpEzhaOvY0Ecb4e0
				X-Requested-With=XMLHttpRequest
				Accept=*/*
				Content-Type=application/x-www-form-urlencoded
Cookies:		7b7a53e239400a13bd6be6c91c4f6c4e=19CC56155426FF01882EB151B32BF7D1899E2CF10C0013B39158DA9B3034E4DB
Multiparts:		<none>
Body:			<none>
Delete account 1 code: 401
Request method:	DELETE
Request URI:	https://lista.atzma.im/settings/business/account
Proxy:			<none>
Request params:	<none>
Query params:	<none>
Form params:	<none>
Path params:	<none>
Headers:		user-agent=alpalch-qpEzhaOvY0Ecb4e0
				X-Requested-With=XMLHttpRequest
				Accept=*/*
				Content-Type=application/x-www-form-urlencoded
Cookies:		7b7a53e239400a13bd6be6c91c4f6c4e=D64026E8E90B651E289D175DDA72CA654E0077767983537051F5F59BA30F09A5
Multiparts:		<none>
Body:			<none>
Delete account 1 code: 401
Request method:	DELETE
Request URI:	https://lista.atzma.im/settings/business/account
Proxy:			<none>
Request params:	<none>
Query params:	<none>
Form params:	<none>
Path params:	<none>
Headers:		user-agent=alpalch-qpEzhaOvY0Ecb4e0
				X-Requested-With=XMLHttpRequest
				Accept=*/*
				Content-Type=application/x-www-form-urlencoded
Cookies:		7b7a53e239400a13bd6be6c91c4f6c4e=22D38FDD505499FCE5CA41A156BEAF4951AFF12632BD2C20B5C956AE791FCFA4
Multiparts:		<none>
Body:			<none>
Delete account 1 code: 401
Request method:	DELETE
Request URI:	https://lista.atzma.im/settings/business/account
Proxy:			<none>
Request params:	<none>
Query params:	<none>
Form params:	<none>
Path params:	<none>
Headers:		user-agent=alpalch-qpEzhaOvY0Ecb4e0
				X-Requested-With=XMLHttpRequest
				Accept=*/*
				Content-Type=application/x-www-form-urlencoded
Cookies:		7b7a53e239400a13bd6be6c91c4f6c4e=75F7DF2CCF817F881BC4AA9CF726F697358E1CD06075BC1A773D7B50462F4F63
Multiparts:		<none>
Body:			<none>
Delete account 1 code: 401
Request method:	DELETE
Request URI:	https://lista.atzma.im/settings/business/account
Proxy:			<none>
Request params:	<none>
Query params:	<none>
Form params:	<none>
Path params:	<none>
Headers:		user-agent=alpalch-qpEzhaOvY0Ecb4e0
				X-Requested-With=XMLHttpRequest
				Accept=*/*
				Content-Type=application/x-www-form-urlencoded
Cookies:		7b7a53e239400a13bd6be6c91c4f6c4e=F7933B6414536A48136096CEB613997D67645B20C1C8DDB2FBC7D992F32D900F
Multiparts:		<none>
Body:			<none>
Delete account 1 code: 401
Request method:	DELETE
Request URI:	https://lista.atzma.im/settings/business/account
Proxy:			<none>
Request params:	<none>
Query params:	<none>
Form params:	<none>
Path params:	<none>
Headers:		user-agent=alpalch-qpEzhaOvY0Ecb4e0
				X-Requested-With=XMLHttpRequest
				Accept=*/*
				Content-Type=application/x-www-form-urlencoded
Cookies:		7b7a53e239400a13bd6be6c91c4f6c4e=807B98D12121BE67EEB9455F6DBE061892EE4AC9C54207EAD5DF97C9156F9BB4
Multiparts:		<none>
Body:			<none>
Delete account 1 code: 401
Request method:	DELETE
Request URI:	https://lista.atzma.im/settings/business/account
Proxy:			<none>
Request params:	<none>
Query params:	<none>
Form params:	<none>
Path params:	<none>
Headers:		user-agent=alpalch-qpEzhaOvY0Ecb4e0
				X-Requested-With=XMLHttpRequest
				Accept=*/*
				Content-Type=application/x-www-form-urlencoded
Cookies:		7b7a53e239400a13bd6be6c91c4f6c4e=F4CBFCE5244AD7A505DD2BBE666F0D8E6D0921E1CE3CF722BE3287D7938E6D1C
Multiparts:		<none>
Body:			<none>
Delete account 1 code: 401
Request method:	DELETE
Request URI:	https://lista.atzma.im/settings/business/account
Proxy:			<none>
Request params:	<none>
Query params:	<none>
Form params:	<none>
Path params:	<none>
Headers:		user-agent=alpalch-qpEzhaOvY0Ecb4e0
				X-Requested-With=XMLHttpRequest
				Accept=*/*
				Content-Type=application/x-www-form-urlencoded
Cookies:		7b7a53e239400a13bd6be6c91c4f6c4e=94D80E80E4A34277F440798533CCBFCFA3673F65C9B89C89E99F78F0BDBB8979
Multiparts:		<none>
Body:			<none>
Delete account 1 code: 401
Request method:	DELETE
Request URI:	https://lista.atzma.im/settings/business/account
Proxy:			<none>
Request params:	<none>
Query params:	<none>
Form params:	<none>
Path params:	<none>
Headers:		user-agent=alpalch-qpEzhaOvY0Ecb4e0
				X-Requested-With=XMLHttpRequest
				Accept=*/*
				Content-Type=application/x-www-form-urlencoded
Cookies:		7b7a53e239400a13bd6be6c91c4f6c4e=C6901CE3AD36C786E10867EF1A63FE8A8C0B0DD3886D51A46F85E939F4D6AB96
Multiparts:		<none>
Body:			<none>
Delete account 1 code: 401
Request method:	DELETE
Request URI:	https://lista.atzma.im/settings/business/account
Proxy:			<none>
Request params:	<none>
Query params:	<none>
Form params:	<none>
Path params:	<none>
Headers:		user-agent=alpalch-qpEzhaOvY0Ecb4e0
				X-Requested-With=XMLHttpRequest
				Accept=*/*
				Content-Type=application/x-www-form-urlencoded
Cookies:		7b7a53e239400a13bd6be6c91c4f6c4e=191999DB18573D6D32DD415D73CD3168372DDD04724D8669D53262681A857B20
Multiparts:		<none>
Body:			<none>
Delete account 1 code: 401
Request method:	DELETE
Request URI:	https://lista.atzma.im/settings/business/account
Proxy:			<none>
Request params:	<none>
Query params:	<none>
Form params:	<none>
Path params:	<none>
Headers:		user-agent=alpalch-qpEzhaOvY0Ecb4e0
				X-Requested-With=XMLHttpRequest
				Accept=*/*
				Content-Type=application/x-www-form-urlencoded
Cookies:		7b7a53e239400a13bd6be6c91c4f6c4e=A3F8A0E9254A48720A1DABEAA7A92E42D4E7D8EE41837F711DEFFB8E6C0DB9F1
Multiparts:		<none>
Body:			<none>
Delete account 1 code: 401
Request method:	DELETE
Request URI:	https://lista.atzma.im/settings/business/account
Proxy:			<none>
Request params:	<none>
Query params:	<none>
Form params:	<none>
Path params:	<none>
Headers:		user-agent=alpalch-qpEzhaOvY0Ecb4e0
				X-Requested-With=XMLHttpRequest
				Accept=*/*
				Content-Type=application/x-www-form-urlencoded
Cookies:		7b7a53e239400a13bd6be6c91c4f6c4e=0666B5AA2D0CCE163A8A3F7FE733C4EB6B8F1E377558A30C29E35F48808E62D9
Multiparts:		<none>
Body:			<none>
Delete account 1 code: 401
Request method:	DELETE
Request URI:	https://lista.atzma.im/settings/business/account
Proxy:			<none>
Request params:	<none>
Query params:	<none>
Form params:	<none>
Path params:	<none>
Headers:		user-agent=alpalch-qpEzhaOvY0Ecb4e0
				X-Requested-With=XMLHttpRequest
				Accept=*/*
				Content-Type=application/x-www-form-urlencoded
Cookies:		7b7a53e239400a13bd6be6c91c4f6c4e=5E75300A277690AFDD917D5855F635747412D04FACE8BED7D0C2822C2C80F654
Multiparts:		<none>
Body:			<none>
Delete account 1 code: 401
Request method:	DELETE
Request URI:	https://lista.atzma.im/settings/business/account
Proxy:			<none>
Request params:	<none>
Query params:	<none>
Form params:	<none>
Path params:	<none>
Headers:		user-agent=alpalch-qpEzhaOvY0Ecb4e0
				X-Requested-With=XMLHttpRequest
				Accept=*/*
				Content-Type=application/x-www-form-urlencoded
Cookies:		7b7a53e239400a13bd6be6c91c4f6c4e=E10E8EF856F64E8C21580DAA1248EA19A472C5CD4FE6954E2100799B9859219B
Multiparts:		<none>
Body:			<none>
Delete account 1 code: 401
Request method:	DELETE
Request URI:	https://lista.atzma.im/settings/business/account
Proxy:			<none>
Request params:	<none>
Query params:	<none>
Form params:	<none>
Path params:	<none>
Headers:		user-agent=alpalch-qpEzhaOvY0Ecb4e0
				X-Requested-With=XMLHttpRequest
				Accept=*/*
				Content-Type=application/x-www-form-urlencoded
Cookies:		7b7a53e239400a13bd6be6c91c4f6c4e=47357AD7A8B698A5176A0F1579DA3B044BE953EB697E88FE50E8E9F8CE2FF375
Multiparts:		<none>
Body:			<none>
Delete account 1 code: 401
Request method:	DELETE
Request URI:	https://lista.atzma.im/settings/business/account
Proxy:			<none>
Request params:	<none>
Query params:	<none>
Form params:	<none>
Path params:	<none>
Headers:		user-agent=alpalch-qpEzhaOvY0Ecb4e0
				X-Requested-With=XMLHttpRequest
				Accept=*/*
				Content-Type=application/x-www-form-urlencoded
Cookies:		7b7a53e239400a13bd6be6c91c4f6c4e=D8F45D961C186B1168B47BF630BC2CE7622DA1CA48B2C23F70EDBE24E8499941
Multiparts:		<none>
Body:			<none>
Delete account 1 code: 401
Deleted mail - api_servicetest1925426343@gmail.com
Deleted password - Pa$$w@rd
Deleted mail - api_servicetest-6159714@gmail.com
Deleted password - Pa$$w@rd
Deleted mail - api_servicetest1748440074@gmail.com
Deleted password - Pa$$w@rd
Deleted mail - api_servicetest1413222884@gmail.com
Deleted password - Pa$$w@rd
Deleted mail - api_servicetest1298587871@gmail.com
Deleted password - Pa$$w@rd
Deleted mail - api_servicetest-798601411@gmail.com
Deleted password - Pa$$w@rd
Deleted mail - api_servicetest1205704629@gmail.com
Deleted password - Pa$$w@rd
Deleted mail - api_servicetest-2052805988@gmail.com
Deleted password - Pa$$w@rd
Deleted mail - api_servicetest372999527@gmail.com
Deleted password - Pa$$w@rd
Deleted mail - api_servicetest-1776186181@gmail.com
Deleted password - Pa$$w@rd
Deleted mail - api_servicetest-159415712@gmail.com
Deleted password - Pa$$w@rd
Deleted mail - api_servicetest1798551076@gmail.com
Deleted password - Pa$$w@rd
Deleted mail - api_servicetest1974677266@gmail.com
Deleted password - Pa$$w@rd
Deleted mail - api_servicetest-574726368@gmail.com
Deleted password - Pa$$w@rd
Deleted mail - api_servicetest-1044844139@gmail.com
Deleted password - Pa$$w@rd
Deleted mail - api_servicetest1905007095@gmail.com
Deleted password - Pa$$w@rd
Deleted mail - api_servicetest-323251352@gmail.com
Deleted password - Pa$$w@rd
Deleted mail - api_servicetest-1004763701@gmail.com
Deleted password - Pa$$w@rd
Deleted mail - api_servicetest1224137853@gmail.com
Deleted password - Pa$$w@rd
]]></system-out>
  <system-err><![CDATA[]]></system-err>
</testsuite>
